<?xml version="1.0" encoding="UTF-8"?>
<coverage generated="1777173987020" clover="3.2.0">
  <project timestamp="1777173987020" name="All files">
    <metrics statements="275" coveredstatements="252" conditionals="212" coveredconditionals="159" methods="37" coveredmethods="35" elements="524" coveredelements="446" complexity="0" loc="275" ncloc="275" packages="1" files="2" classes="2"/>
    <file name="convert.js" path="C:\Users\sasai\Documents\PyMuPDF\src\markdown\convert.js">
      <metrics statements="30" coveredstatements="20" conditionals="29" coveredconditionals="16" methods="5" coveredmethods="4"/>
      <line num="23" count="13" type="cond" truecount="3" falsecount="0"/>
      <line num="24" count="13" type="stmt"/>
      <line num="25" count="13" type="cond" truecount="2" falsecount="0"/>
      <line num="30" count="0" type="stmt"/>
      <line num="31" count="0" type="stmt"/>
      <line num="32" count="0" type="stmt"/>
      <line num="35" count="0" type="cond" truecount="0" falsecount="2"/>
      <line num="36" count="0" type="cond" truecount="0" falsecount="2"/>
      <line num="37" count="0" type="cond" truecount="0" falsecount="2"/>
      <line num="38" count="0" type="stmt"/>
      <line num="40" count="0" type="cond" truecount="0" falsecount="2"/>
      <line num="41" count="0" type="stmt"/>
      <line num="43" count="0" type="stmt"/>
      <line num="49" count="6" type="stmt"/>
      <line num="63" count="13" type="stmt"/>
      <line num="64" count="13" type="cond" truecount="2" falsecount="0"/>
      <line num="65" count="8" type="stmt"/>
      <line num="67" count="5" type="cond" truecount="2" falsecount="0"/>
      <line num="68" count="1" type="stmt"/>
      <line num="70" count="4" type="cond" truecount="1" falsecount="1"/>
      <line num="71" count="13" type="cond" truecount="1" falsecount="1"/>
      <line num="73" count="13" type="stmt"/>
      <line num="74" count="4" type="stmt"/>
      <line num="75" count="4" type="stmt"/>
      <line num="77" count="4" type="cond" truecount="1" falsecount="1"/>
      <line num="78" count="4" type="stmt"/>
      <line num="79" count="4" type="stmt"/>
      <line num="81" count="1" type="cond" truecount="1" falsecount="1"/>
      <line num="96" count="2" type="cond" truecount="1" falsecount="1"/>
      <line num="97" count="2" type="stmt"/>
    </file>
    <file name="pdfToMarkdown.js" path="C:\Users\sasai\Documents\PyMuPDF\src\markdown\pdfToMarkdown.js">
      <metrics statements="245" coveredstatements="232" conditionals="183" coveredconditionals="143" methods="32" coveredmethods="31"/>
      <line num="19" count="2" type="stmt"/>
      <line num="20" count="2" type="stmt"/>
      <line num="21" count="2" type="stmt"/>
      <line num="22" count="2" type="stmt"/>
      <line num="23" count="2" type="stmt"/>
      <line num="24" count="2" type="stmt"/>
      <line num="26" count="2" type="stmt"/>
      <line num="27" count="2" type="stmt"/>
      <line num="30" count="35" type="stmt"/>
      <line num="39" count="620" type="cond" truecount="1" falsecount="1"/>
      <line num="40" count="7679" type="stmt"/>
      <line num="41" count="620" type="stmt"/>
      <line num="42" count="620" type="cond" truecount="2" falsecount="0"/>
      <line num="50" count="14" type="cond" truecount="3" falsecount="1"/>
      <line num="52" count="14" type="cond" truecount="2" falsecount="0"/>
      <line num="54" count="10" type="stmt"/>
      <line num="55" count="10" type="stmt"/>
      <line num="57" count="0" type="stmt"/>
      <line num="59" count="10" type="cond" truecount="4" falsecount="0"/>
      <line num="61" count="5" type="cond" truecount="4" falsecount="0"/>
      <line num="64" count="3" type="stmt"/>
      <line num="69" count="44" type="stmt"/>
      <line num="70" count="5762" type="cond" truecount="3" falsecount="0"/>
      <line num="72" count="11631" type="stmt"/>
      <line num="74" count="44" type="stmt"/>
      <line num="75" count="44" type="stmt"/>
      <line num="76" count="44" type="stmt"/>
      <line num="77" count="5762" type="stmt"/>
      <line num="78" count="5762" type="cond" truecount="4" falsecount="0"/>
      <line num="79" count="5142" type="stmt"/>
      <line num="81" count="620" type="stmt"/>
      <line num="82" count="620" type="stmt"/>
      <line num="86" count="44" type="stmt"/>
      <line num="87" count="7289" type="stmt"/>
      <line num="88" count="620" type="stmt"/>
      <line num="90" count="5762" type="stmt"/>
      <line num="91" count="5762" type="cond" truecount="2" falsecount="0"/>
      <line num="94" count="44" type="stmt"/>
      <line num="99" count="11449" type="cond" truecount="4" falsecount="0"/>
      <line num="100" count="269" type="cond" truecount="1" falsecount="1"/>
      <line num="101" count="11449" type="cond" truecount="2" falsecount="0"/>
      <line num="102" count="11449" type="cond" truecount="2" falsecount="0"/>
      <line num="107" count="0" type="stmt"/>
      <line num="108" count="0" type="stmt"/>
      <line num="109" count="0" type="stmt"/>
      <line num="110" count="0" type="stmt"/>
      <line num="111" count="0" type="stmt"/>
      <line num="112" count="0" type="cond" truecount="0" falsecount="2"/>
      <line num="117" count="0" type="stmt"/>
      <line num="120" count="0" type="cond" truecount="0" falsecount="2"/>
      <line num="121" count="0" type="stmt"/>
      <line num="122" count="0" type="cond" truecount="0" falsecount="4"/>
      <line num="123" count="11449" type="stmt"/>
      <line num="127" count="790" type="stmt"/>
      <line num="128" count="790" type="stmt"/>
      <line num="129" count="790" type="stmt"/>
      <line num="130" count="790" type="stmt"/>
      <line num="131" count="7545" type="cond" truecount="2" falsecount="0"/>
      <line num="132" count="7545" type="cond" truecount="2" falsecount="0"/>
      <line num="133" count="7059" type="stmt"/>
      <line num="134" count="7059" type="cond" truecount="1" falsecount="2"/>
      <line num="135" count="7545" type="cond" truecount="2" falsecount="0"/>
      <line num="136" count="6270" type="stmt"/>
      <line num="137" count="6270" type="cond" truecount="5" falsecount="0"/>
      <line num="138" count="23" type="stmt"/>
      <line num="141" count="7059" type="stmt"/>
      <line num="142" count="7059" type="stmt"/>
      <line num="143" count="7059" type="stmt"/>
      <line num="145" count="790" type="stmt"/>
      <line num="149" count="550" type="cond" truecount="2" falsecount="0"/>
      <line num="150" count="333" type="stmt"/>
      <line num="151" count="333" type="stmt"/>
      <line num="152" count="333" type="stmt"/>
      <line num="153" count="4376" type="stmt"/>
      <line num="154" count="4376" type="stmt"/>
      <line num="155" count="4376" type="stmt"/>
      <line num="156" count="4376" type="stmt"/>
      <line num="157" count="4376" type="cond" truecount="1" falsecount="2"/>
      <line num="158" count="4376" type="cond" truecount="2" falsecount="0"/>
      <line num="159" count="22" type="stmt"/>
      <line num="160" count="22" type="stmt"/>
      <line num="162" count="4354" type="stmt"/>
      <line num="165" count="333" type="stmt"/>
      <line num="166" count="333" type="cond" truecount="2" falsecount="0"/>
      <line num="167" count="21" type="stmt"/>
      <line num="171" count="614" type="cond" truecount="4" falsecount="0"/>
      <line num="172" count="14" type="stmt"/>
      <line num="173" count="14" type="stmt"/>
      <line num="174" count="14" type="stmt"/>
      <line num="175" count="14" type="stmt"/>
      <line num="176" count="14" type="stmt"/>
      <line num="177" count="14" type="stmt"/>
      <line num="178" count="14" type="cond" truecount="3" falsecount="1"/>
      <line num="179" count="14" type="stmt"/>
      <line num="180" count="14" type="stmt"/>
      <line num="181" count="14" type="stmt"/>
      <line num="182" count="14" type="stmt"/>
      <line num="183" count="14" type="stmt"/>
      <line num="184" count="14" type="cond" truecount="3" falsecount="1"/>
      <line num="185" count="14" type="cond" truecount="3" falsecount="1"/>
      <line num="186" count="14" type="stmt"/>
      <line num="187" count="14" type="cond" truecount="2" falsecount="0"/>
      <line num="191" count="11" type="stmt"/>
      <line num="195" count="657" type="stmt"/>
      <line num="196" count="657" type="cond" truecount="2" falsecount="0"/>
      <line num="197" count="575" type="stmt"/>
      <line num="198" count="575" type="cond" truecount="2" falsecount="0"/>
      <line num="199" count="541" type="stmt"/>
      <line num="203" count="464" type="stmt"/>
      <line num="207" count="43" type="stmt"/>
      <line num="208" count="43" type="stmt"/>
      <line num="209" count="43" type="stmt"/>
      <line num="210" count="231" type="stmt"/>
      <line num="211" count="231" type="stmt"/>
      <line num="212" count="231" type="cond" truecount="2" falsecount="0"/>
      <line num="213" count="2" type="stmt"/>
      <line num="214" count="2" type="stmt"/>
      <line num="218" count="229" type="stmt"/>
      <line num="219" count="229" type="cond" truecount="2" falsecount="0"/>
      <line num="220" count="4" type="stmt"/>
      <line num="221" count="4" type="stmt"/>
      <line num="222" count="4" type="stmt"/>
      <line num="223" count="4" type="stmt"/>
      <line num="224" count="3" type="stmt"/>
      <line num="225" count="3" type="stmt"/>
      <line num="226" count="3" type="cond" truecount="2" falsecount="2"/>
      <line num="227" count="3" type="stmt"/>
      <line num="228" count="3" type="cond" truecount="4" falsecount="0"/>
      <line num="229" count="1" type="stmt"/>
      <line num="230" count="1" type="stmt"/>
      <line num="231" count="1" type="stmt"/>
      <line num="233" count="4" type="cond" truecount="2" falsecount="0"/>
      <line num="234" count="1" type="stmt"/>
      <line num="235" count="3" type="stmt"/>
      <line num="236" count="1" type="stmt"/>
      <line num="237" count="1" type="stmt"/>
      <line num="240" count="1" type="stmt"/>
      <line num="242" count="1" type="stmt"/>
      <line num="243" count="1" type="stmt"/>
      <line num="244" count="1" type="stmt"/>
      <line num="249" count="228" type="stmt"/>
      <line num="250" count="228" type="cond" truecount="2" falsecount="0"/>
      <line num="251" count="464" type="stmt"/>
      <line num="252" count="172" type="cond" truecount="2" falsecount="0"/>
      <line num="255" count="228" type="stmt"/>
      <line num="256" count="228" type="stmt"/>
      <line num="257" count="228" type="cond" truecount="2" falsecount="0"/>
      <line num="258" count="231" type="cond" truecount="2" falsecount="0"/>
      <line num="259" count="3" type="cond" truecount="1" falsecount="1"/>
      <line num="260" count="0" type="stmt"/>
      <line num="264" count="3" type="stmt"/>
      <line num="268" count="228" type="cond" truecount="4" falsecount="0"/>
      <line num="269" count="38" type="stmt"/>
      <line num="270" count="38" type="stmt"/>
      <line num="271" count="38" type="stmt"/>
      <line num="274" count="190" type="cond" truecount="2" falsecount="0"/>
      <line num="275" count="29" type="stmt"/>
      <line num="276" count="29" type="stmt"/>
      <line num="277" count="29" type="stmt"/>
      <line num="278" count="94" type="stmt"/>
      <line num="279" count="94" type="stmt"/>
      <line num="280" count="94" type="cond" truecount="1" falsecount="1"/>
      <line num="281" count="94" type="stmt"/>
      <line num="282" count="94" type="cond" truecount="2" falsecount="0"/>
      <line num="283" count="70" type="stmt"/>
      <line num="284" count="70" type="stmt"/>
      <line num="292" count="94" type="stmt"/>
      <line num="294" count="29" type="stmt"/>
      <line num="295" count="29" type="stmt"/>
      <line num="296" count="29" type="stmt"/>
      <line num="300" count="161" type="stmt"/>
      <line num="301" count="161" type="stmt"/>
      <line num="302" count="161" type="stmt"/>
      <line num="303" count="161" type="stmt"/>
      <line num="304" count="444" type="stmt"/>
      <line num="305" count="444" type="stmt"/>
      <line num="306" count="444" type="cond" truecount="1" falsecount="1"/>
      <line num="307" count="444" type="cond" truecount="2" falsecount="0"/>
      <line num="308" count="392" type="cond" truecount="1" falsecount="1"/>
      <line num="309" count="392" type="stmt"/>
      <line num="310" count="392" type="cond" truecount="1" falsecount="2"/>
      <line num="311" count="444" type="cond" truecount="2" falsecount="0"/>
      <line num="312" count="335" type="cond" truecount="2" falsecount="0"/>
      <line num="313" count="318" type="cond" truecount="2" falsecount="0"/>
      <line num="314" count="316" type="stmt"/>
      <line num="315" count="316" type="cond" truecount="1" falsecount="1"/>
      <line num="316" count="444" type="stmt"/>
      <line num="317" count="444" type="stmt"/>
      <line num="319" count="161" type="stmt"/>
      <line num="320" count="161" type="stmt"/>
      <line num="322" count="43" type="stmt"/>
      <line num="326" count="27" type="stmt"/>
      <line num="327" count="27" type="stmt"/>
      <line num="328" count="229" type="cond" truecount="2" falsecount="0"/>
      <line num="329" count="38" type="stmt"/>
      <line num="331" count="191" type="stmt"/>
      <line num="334" count="27" type="stmt"/>
      <line num="344" count="35" type="cond" truecount="2" falsecount="0"/>
      <line num="345" count="5" type="stmt"/>
      <line num="347" count="30" type="cond" truecount="2" falsecount="0"/>
      <line num="348" count="1" type="stmt"/>
      <line num="350" count="29" type="cond" truecount="2" falsecount="0"/>
      <line num="351" count="35" type="stmt"/>
      <line num="353" count="35" type="cond" truecount="1" falsecount="1"/>
      <line num="355" count="0" type="cond" truecount="0" falsecount="2"/>
      <line num="357" count="35" type="stmt"/>
      <line num="358" count="35" type="stmt"/>
      <line num="359" count="47" type="cond" truecount="2" falsecount="0"/>
      <line num="360" count="2" type="stmt"/>
      <line num="361" count="2" type="stmt"/>
      <line num="362" count="2" type="stmt"/>
      <line num="365" count="45" type="stmt"/>
      <line num="366" count="45" type="stmt"/>
      <line num="367" count="45" type="stmt"/>
      <line num="368" count="45" type="stmt"/>
      <line num="369" count="44" type="stmt"/>
      <line num="370" count="44" type="cond" truecount="1" falsecount="1"/>
      <line num="372" count="1" type="stmt"/>
      <line num="373" count="1" type="stmt"/>
      <line num="374" count="1" type="stmt"/>
      <line num="377" count="44" type="stmt"/>
      <line num="378" count="44" type="cond" truecount="1" falsecount="1"/>
      <line num="379" count="47" type="cond" truecount="3" falsecount="0"/>
      <line num="381" count="1" type="stmt"/>
      <line num="383" count="44" type="stmt"/>
      <line num="386" count="45" type="stmt"/>
      <line num="387" count="45" type="stmt"/>
      <line num="388" count="43" type="stmt"/>
      <line num="389" count="618" type="cond" truecount="1" falsecount="1"/>
      <line num="390" count="5760" type="cond" truecount="2" falsecount="0"/>
      <line num="391" count="618" type="stmt"/>
      <line num="392" count="618" type="cond" truecount="2" falsecount="0"/>
      <line num="395" count="27" type="stmt"/>
      <line num="396" count="27" type="stmt"/>
      <line num="397" count="27" type="stmt"/>
      <line num="398" count="40" type="cond" truecount="2" falsecount="0"/>
      <line num="399" count="30" type="stmt"/>
      <line num="400" count="30" type="stmt"/>
      <line num="403" count="27" type="stmt"/>
      <line num="404" count="40" type="stmt"/>
      <line num="405" count="7" type="stmt"/>
      <line num="407" count="27" type="stmt"/>
      <line num="408" count="27" type="stmt"/>
      <line num="409" count="43" type="stmt"/>
      <line num="411" count="27" type="stmt"/>
    </file>
  </project>
</coverage>
