{"C:\\Users\\sasai\\Documents\\PyMuPDF\\src\\markdown\\convert.js": {"path":"C:\\Users\\sasai\\Documents\\PyMuPDF\\src\\markdown\\convert.js","statementMap":{"0":{"start":{"line":23,"column":14},"end":{"line":23,"column":44}},"1":{"start":{"line":24,"column":12},"end":{"line":24,"column":53}},"2":{"start":{"line":25,"column":2},"end":{"line":25,"column":null}},"3":{"start":{"line":30,"column":16},"end":{"line":30,"column":70}},"4":{"start":{"line":31,"column":2},"end":{"line":44,"column":null}},"5":{"start":{"line":32,"column":4},"end":{"line":32,"column":null}},"6":{"start":{"line":35,"column":17},"end":{"line":35,"column":37}},"7":{"start":{"line":36,"column":16},"end":{"line":36,"column":43}},"8":{"start":{"line":37,"column":4},"end":{"line":39,"column":null}},"9":{"start":{"line":38,"column":6},"end":{"line":38,"column":null}},"10":{"start":{"line":40,"column":4},"end":{"line":42,"column":null}},"11":{"start":{"line":41,"column":6},"end":{"line":41,"column":null}},"12":{"start":{"line":43,"column":4},"end":{"line":43,"column":null}},"13":{"start":{"line":49,"column":2},"end":{"line":53,"column":null}},"14":{"start":{"line":63,"column":14},"end":{"line":63,"column":32}},"15":{"start":{"line":64,"column":2},"end":{"line":66,"column":null}},"16":{"start":{"line":65,"column":4},"end":{"line":65,"column":null}},"17":{"start":{"line":67,"column":2},"end":{"line":69,"column":null}},"18":{"start":{"line":68,"column":4},"end":{"line":68,"column":null}},"19":{"start":{"line":70,"column":18},"end":{"line":70,"column":49}},"20":{"start":{"line":71,"column":19},"end":{"line":71,"column":62}},"21":{"start":{"line":73,"column":14},"end":{"line":73,"column":45}},"22":{"start":{"line":74,"column":2},"end":{"line":84,"column":null}},"23":{"start":{"line":75,"column":4},"end":{"line":75,"column":null}},"24":{"start":{"line":77,"column":4},"end":{"line":83,"column":null}},"25":{"start":{"line":78,"column":6},"end":{"line":82,"column":null}},"26":{"start":{"line":79,"column":8},"end":{"line":79,"column":null}},"27":{"start":{"line":81,"column":8},"end":{"line":81,"column":null}},"28":{"start":{"line":96,"column":19},"end":{"line":96,"column":62}},"29":{"start":{"line":97,"column":2},"end":{"line":97,"column":null}}},"fnMap":{"0":{"name":"getExtension","decl":{"start":{"line":22,"column":9},"end":{"line":22,"column":21}},"loc":{"start":{"line":22,"column":28},"end":{"line":26,"column":null}},"line":22},"1":{"name":"defaultLoadPdf","decl":{"start":{"line":28,"column":15},"end":{"line":28,"column":29}},"loc":{"start":{"line":28,"column":43},"end":{"line":45,"column":null}},"line":28},"2":{"name":"rendererOptions","decl":{"start":{"line":48,"column":9},"end":{"line":48,"column":24}},"loc":{"start":{"line":48,"column":31},"end":{"line":54,"column":null}},"line":48},"3":{"name":"convertToMarkdown","decl":{"start":{"line":62,"column":22},"end":{"line":62,"column":39}},"loc":{"start":{"line":62,"column":57},"end":{"line":85,"column":null}},"line":62},"4":{"name":"convertPdfDocumentToMarkdown","decl":{"start":{"line":95,"column":22},"end":{"line":95,"column":50}},"loc":{"start":{"line":95,"column":72},"end":{"line":98,"column":null}},"line":95}},"branchMap":{"0":{"loc":{"start":{"line":23,"column":14},"end":{"line":23,"column":44}},"type":"binary-expr","locations":[{"start":{"line":23,"column":14},"end":{"line":23,"column":24}},{"start":{"line":23,"column":28},"end":{"line":23,"column":38}},{"start":{"line":23,"column":42},"end":{"line":23,"column":44}}],"line":23},"1":{"loc":{"start":{"line":25,"column":9},"end":{"line":25,"column":22}},"type":"cond-expr","locations":[{"start":{"line":25,"column":13},"end":{"line":25,"column":17}},{"start":{"line":25,"column":20},"end":{"line":25,"column":22}}],"line":25},"2":{"loc":{"start":{"line":35,"column":17},"end":{"line":35,"column":37}},"type":"binary-expr","locations":[{"start":{"line":35,"column":17},"end":{"line":35,"column":26}},{"start":{"line":35,"column":30},"end":{"line":35,"column":37}}],"line":35},"3":{"loc":{"start":{"line":36,"column":16},"end":{"line":36,"column":43}},"type":"binary-expr","locations":[{"start":{"line":36,"column":16},"end":{"line":36,"column":28}},{"start":{"line":36,"column":32},"end":{"line":36,"column":43}}],"line":36},"4":{"loc":{"start":{"line":37,"column":4},"end":{"line":39,"column":null}},"type":"if","locations":[{"start":{"line":37,"column":4},"end":{"line":39,"column":null}},{"start":{},"end":{}}],"line":37},"5":{"loc":{"start":{"line":40,"column":4},"end":{"line":42,"column":null}},"type":"if","locations":[{"start":{"line":40,"column":4},"end":{"line":42,"column":null}},{"start":{},"end":{}}],"line":40},"6":{"loc":{"start":{"line":62,"column":46},"end":{"line":62,"column":55}},"type":"default-arg","locations":[{"start":{"line":62,"column":53},"end":{"line":62,"column":55}}],"line":62},"7":{"loc":{"start":{"line":64,"column":2},"end":{"line":66,"column":null}},"type":"if","locations":[{"start":{"line":64,"column":2},"end":{"line":66,"column":null}},{"start":{},"end":{}}],"line":64},"8":{"loc":{"start":{"line":67,"column":2},"end":{"line":69,"column":null}},"type":"if","locations":[{"start":{"line":67,"column":2},"end":{"line":69,"column":null}},{"start":{},"end":{}}],"line":67},"9":{"loc":{"start":{"line":70,"column":18},"end":{"line":70,"column":49}},"type":"binary-expr","locations":[{"start":{"line":70,"column":18},"end":{"line":70,"column":31}},{"start":{"line":70,"column":35},"end":{"line":70,"column":49}}],"line":70},"10":{"loc":{"start":{"line":71,"column":19},"end":{"line":71,"column":62}},"type":"binary-expr","locations":[{"start":{"line":71,"column":19},"end":{"line":71,"column":38}},{"start":{"line":71,"column":42},"end":{"line":71,"column":62}}],"line":71},"11":{"loc":{"start":{"line":77,"column":4},"end":{"line":83,"column":null}},"type":"if","locations":[{"start":{"line":77,"column":4},"end":{"line":83,"column":null}},{"start":{},"end":{}}],"line":77},"12":{"loc":{"start":{"line":81,"column":63},"end":{"line":81,"column":78}},"type":"binary-expr","locations":[{"start":{"line":81,"column":63},"end":{"line":81,"column":73}},{"start":{"line":81,"column":77},"end":{"line":81,"column":78}}],"line":81},"13":{"loc":{"start":{"line":95,"column":61},"end":{"line":95,"column":70}},"type":"default-arg","locations":[{"start":{"line":95,"column":68},"end":{"line":95,"column":70}}],"line":95},"14":{"loc":{"start":{"line":96,"column":19},"end":{"line":96,"column":62}},"type":"binary-expr","locations":[{"start":{"line":96,"column":19},"end":{"line":96,"column":38}},{"start":{"line":96,"column":42},"end":{"line":96,"column":62}}],"line":96}},"s":{"0":13,"1":13,"2":13,"3":0,"4":0,"5":0,"6":0,"7":0,"8":0,"9":0,"10":0,"11":0,"12":0,"13":6,"14":13,"15":13,"16":8,"17":5,"18":1,"19":4,"20":13,"21":13,"22":4,"23":4,"24":4,"25":4,"26":4,"27":1,"28":2,"29":2},"f":{"0":13,"1":0,"2":6,"3":13,"4":2},"b":{"0":[13,2,2],"1":[10,3],"2":[0,0],"3":[0,0],"4":[0,0],"5":[0,0],"6":[13],"7":[8,5],"8":[1,4],"9":[4,0],"10":[13,0],"11":[4,0],"12":[1,0],"13":[2],"14":[2,0]},"meta":{"lastBranch":15,"lastFunction":5,"lastStatement":30,"seen":{"f:22:9:22:21":0,"s:23:14:23:44":0,"b:23:14:23:24:23:28:23:38:23:42:23:44":0,"s:24:12:24:53":1,"s:25:2:25:Infinity":2,"b:25:13:25:17:25:20:25:22":1,"f:28:15:28:29":1,"s:30:16:30:70":3,"s:31:2:44:Infinity":4,"s:32:4:32:Infinity":5,"s:35:17:35:37":6,"b:35:17:35:26:35:30:35:37":2,"s:36:16:36:43":7,"b:36:16:36:28:36:32:36:43":3,"b:37:4:39:Infinity:undefined:undefined:undefined:undefined":4,"s:37:4:39:Infinity":8,"s:38:6:38:Infinity":9,"b:40:4:42:Infinity:undefined:undefined:undefined:undefined":5,"s:40:4:42:Infinity":10,"s:41:6:41:Infinity":11,"s:43:4:43:Infinity":12,"f:48:9:48:24":2,"s:49:2:53:Infinity":13,"f:62:22:62:39":3,"b:62:53:62:55":6,"s:63:14:63:32":14,"b:64:2:66:Infinity:undefined:undefined:undefined:undefined":7,"s:64:2:66:Infinity":15,"s:65:4:65:Infinity":16,"b:67:2:69:Infinity:undefined:undefined:undefined:undefined":8,"s:67:2:69:Infinity":17,"s:68:4:68:Infinity":18,"s:70:18:70:49":19,"b:70:18:70:31:70:35:70:49":9,"s:71:19:71:62":20,"b:71:19:71:38:71:42:71:62":10,"s:73:14:73:45":21,"s:74:2:84:Infinity":22,"s:75:4:75:Infinity":23,"b:77:4:83:Infinity:undefined:undefined:undefined:undefined":11,"s:77:4:83:Infinity":24,"s:78:6:82:Infinity":25,"s:79:8:79:Infinity":26,"s:81:8:81:Infinity":27,"b:81:63:81:73:81:77:81:78":12,"f:95:22:95:50":4,"b:95:68:95:70":13,"s:96:19:96:62":28,"b:96:19:96:38:96:42:96:62":14,"s:97:2:97:Infinity":29}}}
,"C:\\Users\\sasai\\Documents\\PyMuPDF\\src\\markdown\\pdfToMarkdown.js": {"path":"C:\\Users\\sasai\\Documents\\PyMuPDF\\src\\markdown\\pdfToMarkdown.js","statementMap":{"0":{"start":{"line":19,"column":25},"end":{"line":19,"column":28}},"1":{"start":{"line":20,"column":24},"end":{"line":20,"column":27}},"2":{"start":{"line":21,"column":23},"end":{"line":21,"column":24}},"3":{"start":{"line":22,"column":27},"end":{"line":22,"column":28}},"4":{"start":{"line":23,"column":23},"end":{"line":23,"column":24}},"5":{"start":{"line":24,"column":28},"end":{"line":24,"column":32}},"6":{"start":{"line":26,"column":23},"end":{"line":26,"column":56}},"7":{"start":{"line":27,"column":25},"end":{"line":27,"column":42}},"8":{"start":{"line":30,"column":2},"end":{"line":35,"column":null}},"9":{"start":{"line":39,"column":2},"end":{"line":39,"column":null}},"10":{"start":{"line":39,"column":24},"end":{"line":39,"column":null}},"11":{"start":{"line":40,"column":12},"end":{"line":40,"column":42}},"12":{"start":{"line":40,"column":36},"end":{"line":40,"column":41}},"13":{"start":{"line":41,"column":12},"end":{"line":41,"column":36}},"14":{"start":{"line":42,"column":2},"end":{"line":42,"column":null}},"15":{"start":{"line":50,"column":2},"end":{"line":50,"column":null}},"16":{"start":{"line":50,"column":39},"end":{"line":50,"column":null}},"17":{"start":{"line":52,"column":2},"end":{"line":52,"column":null}},"18":{"start":{"line":52,"column":47},"end":{"line":52,"column":null}},"19":{"start":{"line":54,"column":2},"end":{"line":58,"column":null}},"20":{"start":{"line":55,"column":4},"end":{"line":55,"column":null}},"21":{"start":{"line":57,"column":4},"end":{"line":57,"column":null}},"22":{"start":{"line":59,"column":2},"end":{"line":59,"column":null}},"23":{"start":{"line":59,"column":67},"end":{"line":59,"column":null}},"24":{"start":{"line":61,"column":2},"end":{"line":61,"column":null}},"25":{"start":{"line":61,"column":42},"end":{"line":61,"column":null}},"26":{"start":{"line":64,"column":2},"end":{"line":64,"column":null}},"27":{"start":{"line":69,"column":16},"end":{"line":71,"column":3}},"28":{"start":{"line":70,"column":12},"end":{"line":70,"column":null}},"29":{"start":{"line":72,"column":2},"end":{"line":72,"column":null}},"30":{"start":{"line":72,"column":23},"end":{"line":72,"column":54}},"31":{"start":{"line":74,"column":16},"end":{"line":74,"column":18}},"32":{"start":{"line":75,"column":16},"end":{"line":75,"column":20}},"33":{"start":{"line":76,"column":2},"end":{"line":84,"column":null}},"34":{"start":{"line":77,"column":14},"end":{"line":77,"column":29}},"35":{"start":{"line":78,"column":4},"end":{"line":83,"column":null}},"36":{"start":{"line":79,"column":6},"end":{"line":79,"column":null}},"37":{"start":{"line":81,"column":6},"end":{"line":81,"column":null}},"38":{"start":{"line":82,"column":6},"end":{"line":82,"column":null}},"39":{"start":{"line":86,"column":2},"end":{"line":93,"column":null}},"40":{"start":{"line":87,"column":4},"end":{"line":87,"column":null}},"41":{"start":{"line":87,"column":28},"end":{"line":87,"column":59}},"42":{"start":{"line":88,"column":4},"end":{"line":92,"column":null}},"43":{"start":{"line":90,"column":21},"end":{"line":90,"column":36}},"44":{"start":{"line":91,"column":23},"end":{"line":91,"column":50}},"45":{"start":{"line":94,"column":2},"end":{"line":94,"column":null}},"46":{"start":{"line":99,"column":2},"end":{"line":99,"column":null}},"47":{"start":{"line":99,"column":32},"end":{"line":99,"column":null}},"48":{"start":{"line":100,"column":15},"end":{"line":100,"column":36}},"49":{"start":{"line":101,"column":12},"end":{"line":101,"column":24}},"50":{"start":{"line":102,"column":2},"end":{"line":102,"column":null}},"51":{"start":{"line":102,"column":10},"end":{"line":102,"column":null}},"52":{"start":{"line":107,"column":12},"end":{"line":107,"column":13}},"53":{"start":{"line":108,"column":14},"end":{"line":108,"column":15}},"54":{"start":{"line":109,"column":2},"end":{"line":119,"column":null}},"55":{"start":{"line":110,"column":4},"end":{"line":110,"column":null}},"56":{"start":{"line":111,"column":15},"end":{"line":111,"column":32}},"57":{"start":{"line":112,"column":4},"end":{"line":118,"column":null}},"58":{"start":{"line":117,"column":6},"end":{"line":117,"column":null}},"59":{"start":{"line":120,"column":2},"end":{"line":120,"column":null}},"60":{"start":{"line":120,"column":19},"end":{"line":120,"column":null}},"61":{"start":{"line":121,"column":16},"end":{"line":121,"column":27}},"62":{"start":{"line":122,"column":17},"end":{"line":122,"column":58}},"63":{"start":{"line":123,"column":2},"end":{"line":123,"column":null}},"64":{"start":{"line":127,"column":12},"end":{"line":127,"column":14}},"65":{"start":{"line":128,"column":17},"end":{"line":128,"column":21}},"66":{"start":{"line":129,"column":17},"end":{"line":129,"column":21}},"67":{"start":{"line":130,"column":2},"end":{"line":144,"column":null}},"68":{"start":{"line":131,"column":16},"end":{"line":131,"column":28}},"69":{"start":{"line":132,"column":4},"end":{"line":132,"column":null}},"70":{"start":{"line":132,"column":14},"end":{"line":132,"column":null}},"71":{"start":{"line":133,"column":14},"end":{"line":133,"column":29}},"72":{"start":{"line":134,"column":17},"end":{"line":134,"column":50}},"73":{"start":{"line":135,"column":4},"end":{"line":140,"column":null}},"74":{"start":{"line":136,"column":18},"end":{"line":136,"column":30}},"75":{"start":{"line":137,"column":6},"end":{"line":139,"column":null}},"76":{"start":{"line":138,"column":8},"end":{"line":138,"column":null}},"77":{"start":{"line":141,"column":4},"end":{"line":141,"column":null}},"78":{"start":{"line":142,"column":4},"end":{"line":142,"column":null}},"79":{"start":{"line":143,"column":4},"end":{"line":143,"column":null}},"80":{"start":{"line":145,"column":2},"end":{"line":145,"column":null}},"81":{"start":{"line":149,"column":2},"end":{"line":149,"column":null}},"82":{"start":{"line":149,"column":37},"end":{"line":149,"column":null}},"83":{"start":{"line":150,"column":19},"end":{"line":150,"column":21}},"84":{"start":{"line":151,"column":12},"end":{"line":151,"column":22}},"85":{"start":{"line":152,"column":2},"end":{"line":164,"column":null}},"86":{"start":{"line":152,"column":15},"end":{"line":152,"column":16}},"87":{"start":{"line":153,"column":17},"end":{"line":153,"column":29}},"88":{"start":{"line":154,"column":15},"end":{"line":154,"column":23}},"89":{"start":{"line":155,"column":21},"end":{"line":155,"column":65}},"90":{"start":{"line":156,"column":16},"end":{"line":156,"column":42}},"91":{"start":{"line":157,"column":22},"end":{"line":157,"column":78}},"92":{"start":{"line":158,"column":4},"end":{"line":163,"column":null}},"93":{"start":{"line":159,"column":6},"end":{"line":159,"column":null}},"94":{"start":{"line":160,"column":6},"end":{"line":160,"column":null}},"95":{"start":{"line":162,"column":6},"end":{"line":162,"column":null}},"96":{"start":{"line":165,"column":2},"end":{"line":165,"column":null}},"97":{"start":{"line":166,"column":2},"end":{"line":166,"column":null}},"98":{"start":{"line":166,"column":40},"end":{"line":166,"column":null}},"99":{"start":{"line":167,"column":2},"end":{"line":167,"column":null}},"100":{"start":{"line":167,"column":29},"end":{"line":167,"column":49}},"101":{"start":{"line":171,"column":2},"end":{"line":171,"column":null}},"102":{"start":{"line":171,"column":36},"end":{"line":171,"column":null}},"103":{"start":{"line":172,"column":16},"end":{"line":172,"column":22}},"104":{"start":{"line":173,"column":13},"end":{"line":173,"column":52}},"105":{"start":{"line":173,"column":36},"end":{"line":173,"column":51}},"106":{"start":{"line":174,"column":13},"end":{"line":174,"column":77}},"107":{"start":{"line":174,"column":36},"end":{"line":174,"column":76}},"108":{"start":{"line":175,"column":15},"end":{"line":175,"column":30}},"109":{"start":{"line":176,"column":15},"end":{"line":176,"column":30}},"110":{"start":{"line":177,"column":2},"end":{"line":190,"column":null}},"111":{"start":{"line":178,"column":4},"end":{"line":178,"column":null}},"112":{"start":{"line":178,"column":38},"end":{"line":178,"column":null}},"113":{"start":{"line":179,"column":29},"end":{"line":179,"column":35}},"114":{"start":{"line":180,"column":17},"end":{"line":180,"column":33}},"115":{"start":{"line":181,"column":17},"end":{"line":181,"column":33}},"116":{"start":{"line":182,"column":18},"end":{"line":182,"column":34}},"117":{"start":{"line":183,"column":18},"end":{"line":183,"column":34}},"118":{"start":{"line":184,"column":4},"end":{"line":189,"column":null}},"119":{"start":{"line":185,"column":6},"end":{"line":188,"column":null}},"120":{"start":{"line":186,"column":21},"end":{"line":186,"column":39}},"121":{"start":{"line":187,"column":8},"end":{"line":187,"column":null}},"122":{"start":{"line":187,"column":18},"end":{"line":187,"column":null}},"123":{"start":{"line":191,"column":2},"end":{"line":191,"column":null}},"124":{"start":{"line":195,"column":13},"end":{"line":195,"column":39}},"125":{"start":{"line":196,"column":2},"end":{"line":196,"column":null}},"126":{"start":{"line":196,"column":10},"end":{"line":196,"column":null}},"127":{"start":{"line":197,"column":13},"end":{"line":197,"column":41}},"128":{"start":{"line":198,"column":2},"end":{"line":198,"column":null}},"129":{"start":{"line":198,"column":10},"end":{"line":198,"column":null}},"130":{"start":{"line":199,"column":2},"end":{"line":199,"column":null}},"131":{"start":{"line":203,"column":2},"end":{"line":203,"column":null}},"132":{"start":{"line":203,"column":34},"end":{"line":203,"column":50}},"133":{"start":{"line":207,"column":17},"end":{"line":207,"column":19}},"134":{"start":{"line":208,"column":10},"end":{"line":208,"column":11}},"135":{"start":{"line":209,"column":2},"end":{"line":321,"column":null}},"136":{"start":{"line":210,"column":15},"end":{"line":210,"column":23}},"137":{"start":{"line":211,"column":17},"end":{"line":211,"column":44}},"138":{"start":{"line":212,"column":4},"end":{"line":215,"column":null}},"139":{"start":{"line":213,"column":6},"end":{"line":213,"column":null}},"140":{"start":{"line":214,"column":6},"end":{"line":214,"column":null}},"141":{"start":{"line":218,"column":17},"end":{"line":218,"column":50}},"142":{"start":{"line":219,"column":4},"end":{"line":247,"column":null}},"143":{"start":{"line":220,"column":24},"end":{"line":220,"column":30}},"144":{"start":{"line":221,"column":18},"end":{"line":221,"column":22}},"145":{"start":{"line":222,"column":14},"end":{"line":222,"column":19}},"146":{"start":{"line":223,"column":6},"end":{"line":232,"column":null}},"147":{"start":{"line":224,"column":21},"end":{"line":224,"column":29}},"148":{"start":{"line":225,"column":21},"end":{"line":225,"column":35}},"149":{"start":{"line":226,"column":8},"end":{"line":226,"column":null}},"150":{"start":{"line":226,"column":48},"end":{"line":226,"column":null}},"151":{"start":{"line":227,"column":22},"end":{"line":227,"column":57}},"152":{"start":{"line":228,"column":8},"end":{"line":228,"column":null}},"153":{"start":{"line":228,"column":52},"end":{"line":228,"column":null}},"154":{"start":{"line":229,"column":8},"end":{"line":229,"column":null}},"155":{"start":{"line":230,"column":8},"end":{"line":230,"column":null}},"156":{"start":{"line":231,"column":8},"end":{"line":231,"column":null}},"157":{"start":{"line":233,"column":6},"end":{"line":245,"column":null}},"158":{"start":{"line":234,"column":23},"end":{"line":234,"column":35}},"159":{"start":{"line":235,"column":20},"end":{"line":235,"column":43}},"160":{"start":{"line":235,"column":37},"end":{"line":235,"column":42}},"161":{"start":{"line":236,"column":21},"end":{"line":236,"column":39}},"162":{"start":{"line":237,"column":20},"end":{"line":241,"column":9}},"163":{"start":{"line":240,"column":29},"end":{"line":240,"column":56}},"164":{"start":{"line":242,"column":8},"end":{"line":242,"column":null}},"165":{"start":{"line":243,"column":8},"end":{"line":243,"column":null}},"166":{"start":{"line":244,"column":8},"end":{"line":244,"column":null}},"167":{"start":{"line":249,"column":25},"end":{"line":253,"column":8}},"168":{"start":{"line":250,"column":6},"end":{"line":250,"column":null}},"169":{"start":{"line":250,"column":32},"end":{"line":250,"column":null}},"170":{"start":{"line":251,"column":18},"end":{"line":251,"column":68}},"171":{"start":{"line":251,"column":48},"end":{"line":251,"column":67}},"172":{"start":{"line":252,"column":6},"end":{"line":252,"column":null}},"173":{"start":{"line":255,"column":19},"end":{"line":255,"column":40}},"174":{"start":{"line":256,"column":16},"end":{"line":256,"column":42}},"175":{"start":{"line":257,"column":18},"end":{"line":257,"column":32}},"176":{"start":{"line":258,"column":4},"end":{"line":266,"column":null}},"177":{"start":{"line":259,"column":6},"end":{"line":265,"column":null}},"178":{"start":{"line":260,"column":8},"end":{"line":262,"column":null}},"179":{"start":{"line":264,"column":8},"end":{"line":264,"column":null}},"180":{"start":{"line":268,"column":4},"end":{"line":272,"column":null}},"181":{"start":{"line":269,"column":6},"end":{"line":269,"column":null}},"182":{"start":{"line":270,"column":6},"end":{"line":270,"column":null}},"183":{"start":{"line":271,"column":6},"end":{"line":271,"column":null}},"184":{"start":{"line":274,"column":4},"end":{"line":297,"column":null}},"185":{"start":{"line":275,"column":20},"end":{"line":275,"column":29}},"186":{"start":{"line":276,"column":14},"end":{"line":276,"column":19}},"187":{"start":{"line":277,"column":6},"end":{"line":293,"column":null}},"188":{"start":{"line":278,"column":20},"end":{"line":278,"column":28}},"189":{"start":{"line":279,"column":22},"end":{"line":279,"column":50}},"190":{"start":{"line":280,"column":8},"end":{"line":280,"column":null}},"191":{"start":{"line":280,"column":20},"end":{"line":280,"column":null}},"192":{"start":{"line":281,"column":19},"end":{"line":281,"column":41}},"193":{"start":{"line":282,"column":8},"end":{"line":282,"column":null}},"194":{"start":{"line":282,"column":17},"end":{"line":282,"column":null}},"195":{"start":{"line":283,"column":21},"end":{"line":283,"column":48}},"196":{"start":{"line":284,"column":8},"end":{"line":291,"column":null}},"197":{"start":{"line":292,"column":8},"end":{"line":292,"column":null}},"198":{"start":{"line":294,"column":6},"end":{"line":294,"column":null}},"199":{"start":{"line":295,"column":6},"end":{"line":295,"column":null}},"200":{"start":{"line":296,"column":6},"end":{"line":296,"column":null}},"201":{"start":{"line":300,"column":22},"end":{"line":300,"column":31}},"202":{"start":{"line":301,"column":16},"end":{"line":301,"column":20}},"203":{"start":{"line":302,"column":12},"end":{"line":302,"column":17}},"204":{"start":{"line":303,"column":4},"end":{"line":318,"column":null}},"205":{"start":{"line":304,"column":18},"end":{"line":304,"column":26}},"206":{"start":{"line":305,"column":20},"end":{"line":305,"column":48}},"207":{"start":{"line":306,"column":6},"end":{"line":306,"column":null}},"208":{"start":{"line":306,"column":18},"end":{"line":306,"column":null}},"209":{"start":{"line":307,"column":6},"end":{"line":307,"column":null}},"210":{"start":{"line":307,"column":46},"end":{"line":307,"column":null}},"211":{"start":{"line":308,"column":6},"end":{"line":308,"column":55}},"212":{"start":{"line":308,"column":49},"end":{"line":308,"column":55}},"213":{"start":{"line":309,"column":19},"end":{"line":309,"column":32}},"214":{"start":{"line":310,"column":25},"end":{"line":310,"column":50}},"215":{"start":{"line":311,"column":6},"end":{"line":311,"column":null}},"216":{"start":{"line":311,"column":47},"end":{"line":311,"column":null}},"217":{"start":{"line":312,"column":6},"end":{"line":312,"column":null}},"218":{"start":{"line":312,"column":34},"end":{"line":312,"column":null}},"219":{"start":{"line":313,"column":6},"end":{"line":313,"column":null}},"220":{"start":{"line":313,"column":46},"end":{"line":313,"column":null}},"221":{"start":{"line":314,"column":19},"end":{"line":314,"column":46}},"222":{"start":{"line":315,"column":6},"end":{"line":315,"column":null}},"223":{"start":{"line":316,"column":6},"end":{"line":316,"column":null}},"224":{"start":{"line":317,"column":6},"end":{"line":317,"column":null}},"225":{"start":{"line":319,"column":4},"end":{"line":319,"column":null}},"226":{"start":{"line":320,"column":4},"end":{"line":320,"column":null}},"227":{"start":{"line":322,"column":2},"end":{"line":322,"column":null}},"228":{"start":{"line":326,"column":14},"end":{"line":326,"column":16}},"229":{"start":{"line":327,"column":2},"end":{"line":333,"column":null}},"230":{"start":{"line":328,"column":4},"end":{"line":332,"column":null}},"231":{"start":{"line":329,"column":6},"end":{"line":329,"column":null}},"232":{"start":{"line":331,"column":6},"end":{"line":331,"column":null}},"233":{"start":{"line":334,"column":2},"end":{"line":334,"column":null}},"234":{"start":{"line":344,"column":2},"end":{"line":346,"column":null}},"235":{"start":{"line":345,"column":4},"end":{"line":345,"column":null}},"236":{"start":{"line":347,"column":2},"end":{"line":349,"column":null}},"237":{"start":{"line":348,"column":4},"end":{"line":348,"column":14}},"238":{"start":{"line":350,"column":19},"end":{"line":350,"column":75}},"239":{"start":{"line":351,"column":17},"end":{"line":351,"column":31}},"240":{"start":{"line":353,"column":4},"end":{"line":355,"column":93}},"241":{"start":{"line":355,"column":6},"end":{"line":355,"column":92}},"242":{"start":{"line":357,"column":18},"end":{"line":357,"column":20}},"243":{"start":{"line":358,"column":2},"end":{"line":384,"column":null}},"244":{"start":{"line":358,"column":15},"end":{"line":358,"column":16}},"245":{"start":{"line":359,"column":4},"end":{"line":363,"column":null}},"246":{"start":{"line":360,"column":16},"end":{"line":360,"column":51}},"247":{"start":{"line":361,"column":6},"end":{"line":361,"column":null}},"248":{"start":{"line":362,"column":6},"end":{"line":362,"column":null}},"249":{"start":{"line":365,"column":16},"end":{"line":365,"column":18}},"250":{"start":{"line":366,"column":16},"end":{"line":366,"column":18}},"251":{"start":{"line":367,"column":4},"end":{"line":375,"column":null}},"252":{"start":{"line":368,"column":6},"end":{"line":368,"column":null}},"253":{"start":{"line":369,"column":17},"end":{"line":369,"column":44}},"254":{"start":{"line":370,"column":6},"end":{"line":370,"column":null}},"255":{"start":{"line":372,"column":6},"end":{"line":372,"column":null}},"256":{"start":{"line":373,"column":6},"end":{"line":373,"column":null}},"257":{"start":{"line":374,"column":6},"end":{"line":374,"column":null}},"258":{"start":{"line":377,"column":4},"end":{"line":382,"column":null}},"259":{"start":{"line":378,"column":22},"end":{"line":378,"column":57}},"260":{"start":{"line":379,"column":6},"end":{"line":379,"column":null}},"261":{"start":{"line":379,"column":36},"end":{"line":379,"column":70}},"262":{"start":{"line":381,"column":6},"end":{"line":381,"column":null}},"263":{"start":{"line":383,"column":4},"end":{"line":383,"column":null}},"264":{"start":{"line":386,"column":23},"end":{"line":386,"column":32}},"265":{"start":{"line":387,"column":2},"end":{"line":394,"column":null}},"266":{"start":{"line":388,"column":4},"end":{"line":393,"column":null}},"267":{"start":{"line":389,"column":6},"end":{"line":389,"column":null}},"268":{"start":{"line":389,"column":25},"end":{"line":389,"column":null}},"269":{"start":{"line":390,"column":18},"end":{"line":390,"column":73}},"270":{"start":{"line":390,"column":44},"end":{"line":390,"column":69}},"271":{"start":{"line":391,"column":16},"end":{"line":391,"column":44}},"272":{"start":{"line":392,"column":6},"end":{"line":392,"column":null}},"273":{"start":{"line":395,"column":17},"end":{"line":395,"column":19}},"274":{"start":{"line":396,"column":19},"end":{"line":396,"column":20}},"275":{"start":{"line":397,"column":2},"end":{"line":402,"column":null}},"276":{"start":{"line":398,"column":4},"end":{"line":401,"column":null}},"277":{"start":{"line":399,"column":6},"end":{"line":399,"column":null}},"278":{"start":{"line":400,"column":6},"end":{"line":400,"column":null}},"279":{"start":{"line":403,"column":22},"end":{"line":405,"column":26}},"280":{"start":{"line":404,"column":19},"end":{"line":404,"column":54}},"281":{"start":{"line":405,"column":20},"end":{"line":405,"column":25}},"282":{"start":{"line":407,"column":17},"end":{"line":407,"column":19}},"283":{"start":{"line":408,"column":2},"end":{"line":410,"column":null}},"284":{"start":{"line":409,"column":4},"end":{"line":409,"column":null}},"285":{"start":{"line":411,"column":2},"end":{"line":411,"column":null}}},"fnMap":{"0":{"name":"isPdfLike","decl":{"start":{"line":29,"column":9},"end":{"line":29,"column":18}},"loc":{"start":{"line":29,"column":22},"end":{"line":36,"column":null}},"line":29},"1":{"name":"median","decl":{"start":{"line":38,"column":9},"end":{"line":38,"column":15}},"loc":{"start":{"line":38,"column":21},"end":{"line":43,"column":null}},"line":38},"2":{"name":"(anonymous_2)","decl":{"start":{"line":40,"column":26},"end":{"line":40,"column":27}},"loc":{"start":{"line":40,"column":36},"end":{"line":40,"column":41}},"line":40},"3":{"name":"sanitizeUrl","decl":{"start":{"line":49,"column":9},"end":{"line":49,"column":20}},"loc":{"start":{"line":49,"column":26},"end":{"line":65,"column":null}},"line":49},"4":{"name":"groupItemsByLine","decl":{"start":{"line":68,"column":9},"end":{"line":68,"column":25}},"loc":{"start":{"line":68,"column":33},"end":{"line":95,"column":null}},"line":68},"5":{"name":"(anonymous_5)","decl":{"start":{"line":70,"column":4},"end":{"line":70,"column":5}},"loc":{"start":{"line":70,"column":12},"end":{"line":70,"column":null}},"line":70},"6":{"name":"(anonymous_6)","decl":{"start":{"line":72,"column":13},"end":{"line":72,"column":14}},"loc":{"start":{"line":72,"column":23},"end":{"line":72,"column":54}},"line":72},"7":{"name":"(anonymous_7)","decl":{"start":{"line":87,"column":18},"end":{"line":87,"column":19}},"loc":{"start":{"line":87,"column":28},"end":{"line":87,"column":59}},"line":87},"8":{"name":"(anonymous_8)","decl":{"start":{"line":90,"column":13},"end":{"line":90,"column":14}},"loc":{"start":{"line":90,"column":21},"end":{"line":90,"column":36}},"line":90},"9":{"name":"(anonymous_9)","decl":{"start":{"line":91,"column":16},"end":{"line":91,"column":17}},"loc":{"start":{"line":91,"column":23},"end":{"line":91,"column":50}},"line":91},"10":{"name":"effectiveItemWidth","decl":{"start":{"line":98,"column":9},"end":{"line":98,"column":27}},"loc":{"start":{"line":98,"column":32},"end":{"line":124,"column":null}},"line":98},"11":{"name":"lineToText","decl":{"start":{"line":126,"column":9},"end":{"line":126,"column":19}},"loc":{"start":{"line":126,"column":27},"end":{"line":146,"column":null}},"line":126},"12":{"name":"detectColumns","decl":{"start":{"line":148,"column":9},"end":{"line":148,"column":22}},"loc":{"start":{"line":148,"column":40},"end":{"line":168,"column":null}},"line":148},"13":{"name":"(anonymous_13)","decl":{"start":{"line":167,"column":22},"end":{"line":167,"column":23}},"loc":{"start":{"line":167,"column":29},"end":{"line":167,"column":49}},"line":167},"14":{"name":"findLinkForLine","decl":{"start":{"line":170,"column":9},"end":{"line":170,"column":24}},"loc":{"start":{"line":170,"column":38},"end":{"line":192,"column":null}},"line":170},"15":{"name":"(anonymous_15)","decl":{"start":{"line":173,"column":28},"end":{"line":173,"column":29}},"loc":{"start":{"line":173,"column":36},"end":{"line":173,"column":51}},"line":173},"16":{"name":"(anonymous_16)","decl":{"start":{"line":174,"column":28},"end":{"line":174,"column":29}},"loc":{"start":{"line":174,"column":36},"end":{"line":174,"column":76}},"line":174},"17":{"name":"normalizeBullet","decl":{"start":{"line":194,"column":9},"end":{"line":194,"column":24}},"loc":{"start":{"line":194,"column":31},"end":{"line":200,"column":null}},"line":194},"18":{"name":"isHeadingSize","decl":{"start":{"line":202,"column":9},"end":{"line":202,"column":22}},"loc":{"start":{"line":202,"column":43},"end":{"line":204,"column":null}},"line":202},"19":{"name":"(anonymous_19)","decl":{"start":{"line":203,"column":27},"end":{"line":203,"column":28}},"loc":{"start":{"line":203,"column":34},"end":{"line":203,"column":50}},"line":203},"20":{"name":"renderPageBlocks","decl":{"start":{"line":206,"column":9},"end":{"line":206,"column":25}},"loc":{"start":{"line":206,"column":64},"end":{"line":323,"column":null}},"line":206},"21":{"name":"(anonymous_21)","decl":{"start":{"line":235,"column":31},"end":{"line":235,"column":32}},"loc":{"start":{"line":235,"column":37},"end":{"line":235,"column":42}},"line":235},"22":{"name":"(anonymous_22)","decl":{"start":{"line":240,"column":22},"end":{"line":240,"column":23}},"loc":{"start":{"line":240,"column":29},"end":{"line":240,"column":56}},"line":240},"23":{"name":"(anonymous_23)","decl":{"start":{"line":249,"column":26},"end":{"line":249,"column":27}},"loc":{"start":{"line":249,"column":32},"end":{"line":253,"column":5}},"line":249},"24":{"name":"(anonymous_24)","decl":{"start":{"line":251,"column":41},"end":{"line":251,"column":42}},"loc":{"start":{"line":251,"column":48},"end":{"line":251,"column":67}},"line":251},"25":{"name":"renderMarkdown","decl":{"start":{"line":325,"column":9},"end":{"line":325,"column":23}},"loc":{"start":{"line":325,"column":32},"end":{"line":335,"column":null}},"line":325},"26":{"name":"pdfToMarkdown","decl":{"start":{"line":343,"column":22},"end":{"line":343,"column":35}},"loc":{"start":{"line":343,"column":55},"end":{"line":412,"column":null}},"line":343},"27":{"name":"(anonymous_27)","decl":{"start":{"line":354,"column":5},"end":{"line":354,"column":6}},"loc":{"start":{"line":355,"column":6},"end":{"line":355,"column":92}},"line":355},"28":{"name":"(anonymous_28)","decl":{"start":{"line":379,"column":29},"end":{"line":379,"column":30}},"loc":{"start":{"line":379,"column":36},"end":{"line":379,"column":70}},"line":379},"29":{"name":"(anonymous_29)","decl":{"start":{"line":390,"column":33},"end":{"line":390,"column":34}},"loc":{"start":{"line":390,"column":44},"end":{"line":390,"column":69}},"line":390},"30":{"name":"(anonymous_30)","decl":{"start":{"line":404,"column":12},"end":{"line":404,"column":13}},"loc":{"start":{"line":404,"column":19},"end":{"line":404,"column":54}},"line":404},"31":{"name":"(anonymous_31)","decl":{"start":{"line":405,"column":10},"end":{"line":405,"column":11}},"loc":{"start":{"line":405,"column":20},"end":{"line":405,"column":25}},"line":405}},"branchMap":{"0":{"loc":{"start":{"line":31,"column":4},"end":{"line":34,"column":null}},"type":"binary-expr","locations":[{"start":{"line":31,"column":4},"end":{"line":31,"column":5}},{"start":{"line":32,"column":4},"end":{"line":32,"column":25}},{"start":{"line":33,"column":4},"end":{"line":33,"column":34}},{"start":{"line":34,"column":4},"end":{"line":34,"column":null}}],"line":31},"1":{"loc":{"start":{"line":39,"column":2},"end":{"line":39,"column":null}},"type":"if","locations":[{"start":{"line":39,"column":2},"end":{"line":39,"column":null}},{"start":{},"end":{}}],"line":39},"2":{"loc":{"start":{"line":42,"column":9},"end":{"line":42,"column":52}},"type":"cond-expr","locations":[{"start":{"line":42,"column":24},"end":{"line":42,"column":28}},{"start":{"line":42,"column":31},"end":{"line":42,"column":52}}],"line":42},"3":{"loc":{"start":{"line":50,"column":2},"end":{"line":50,"column":null}},"type":"if","locations":[{"start":{"line":50,"column":2},"end":{"line":50,"column":null}},{"start":{},"end":{}}],"line":50},"4":{"loc":{"start":{"line":50,"column":6},"end":{"line":50,"column":37}},"type":"binary-expr","locations":[{"start":{"line":50,"column":6},"end":{"line":50,"column":29}},{"start":{"line":50,"column":33},"end":{"line":50,"column":37}}],"line":50},"5":{"loc":{"start":{"line":52,"column":2},"end":{"line":52,"column":null}},"type":"if","locations":[{"start":{"line":52,"column":2},"end":{"line":52,"column":null}},{"start":{},"end":{}}],"line":52},"6":{"loc":{"start":{"line":59,"column":2},"end":{"line":59,"column":null}},"type":"if","locations":[{"start":{"line":59,"column":2},"end":{"line":59,"column":null}},{"start":{},"end":{}}],"line":59},"7":{"loc":{"start":{"line":59,"column":6},"end":{"line":59,"column":65}},"type":"binary-expr","locations":[{"start":{"line":59,"column":6},"end":{"line":59,"column":33}},{"start":{"line":59,"column":37},"end":{"line":59,"column":65}}],"line":59},"8":{"loc":{"start":{"line":61,"column":2},"end":{"line":61,"column":null}},"type":"if","locations":[{"start":{"line":61,"column":2},"end":{"line":61,"column":null}},{"start":{},"end":{}}],"line":61},"9":{"loc":{"start":{"line":61,"column":6},"end":{"line":61,"column":40}},"type":"binary-expr","locations":[{"start":{"line":61,"column":6},"end":{"line":61,"column":21}},{"start":{"line":61,"column":25},"end":{"line":61,"column":40}}],"line":61},"10":{"loc":{"start":{"line":70,"column":12},"end":{"line":70,"column":null}},"type":"binary-expr","locations":[{"start":{"line":70,"column":12},"end":{"line":70,"column":14}},{"start":{"line":70,"column":18},"end":{"line":70,"column":45}},{"start":{"line":70,"column":49},"end":{"line":70,"column":null}}],"line":70},"11":{"loc":{"start":{"line":78,"column":4},"end":{"line":83,"column":null}},"type":"if","locations":[{"start":{"line":78,"column":4},"end":{"line":83,"column":null}},{"start":{"line":80,"column":11},"end":{"line":83,"column":null}}],"line":78},"12":{"loc":{"start":{"line":78,"column":8},"end":{"line":78,"column":62}},"type":"binary-expr","locations":[{"start":{"line":78,"column":8},"end":{"line":78,"column":15}},{"start":{"line":78,"column":19},"end":{"line":78,"column":62}}],"line":78},"13":{"loc":{"start":{"line":91,"column":23},"end":{"line":91,"column":50}},"type":"binary-expr","locations":[{"start":{"line":91,"column":23},"end":{"line":91,"column":41}},{"start":{"line":91,"column":45},"end":{"line":91,"column":50}}],"line":91},"14":{"loc":{"start":{"line":99,"column":2},"end":{"line":99,"column":null}},"type":"if","locations":[{"start":{"line":99,"column":2},"end":{"line":99,"column":null}},{"start":{},"end":{}}],"line":99},"15":{"loc":{"start":{"line":99,"column":6},"end":{"line":99,"column":30}},"type":"binary-expr","locations":[{"start":{"line":99,"column":6},"end":{"line":99,"column":14}},{"start":{"line":99,"column":18},"end":{"line":99,"column":30}}],"line":99},"16":{"loc":{"start":{"line":100,"column":15},"end":{"line":100,"column":36}},"type":"binary-expr","locations":[{"start":{"line":100,"column":15},"end":{"line":100,"column":30}},{"start":{"line":100,"column":34},"end":{"line":100,"column":36}}],"line":100},"17":{"loc":{"start":{"line":101,"column":12},"end":{"line":101,"column":24}},"type":"binary-expr","locations":[{"start":{"line":101,"column":12},"end":{"line":101,"column":18}},{"start":{"line":101,"column":22},"end":{"line":101,"column":24}}],"line":101},"18":{"loc":{"start":{"line":102,"column":2},"end":{"line":102,"column":null}},"type":"if","locations":[{"start":{"line":102,"column":2},"end":{"line":102,"column":null}},{"start":{},"end":{}}],"line":102},"19":{"loc":{"start":{"line":112,"column":4},"end":{"line":118,"column":null}},"type":"if","locations":[{"start":{"line":112,"column":4},"end":{"line":118,"column":null}},{"start":{},"end":{}}],"line":112},"20":{"loc":{"start":{"line":113,"column":6},"end":{"line":115,"column":null}},"type":"binary-expr","locations":[{"start":{"line":113,"column":7},"end":{"line":113,"column":19}},{"start":{"line":113,"column":23},"end":{"line":113,"column":35}},{"start":{"line":114,"column":7},"end":{"line":114,"column":19}},{"start":{"line":114,"column":23},"end":{"line":114,"column":35}},{"start":{"line":115,"column":7},"end":{"line":115,"column":20}},{"start":{"line":115,"column":24},"end":{"line":115,"column":37}}],"line":113},"21":{"loc":{"start":{"line":120,"column":2},"end":{"line":120,"column":null}},"type":"if","locations":[{"start":{"line":120,"column":2},"end":{"line":120,"column":null}},{"start":{},"end":{}}],"line":120},"22":{"loc":{"start":{"line":122,"column":17},"end":{"line":122,"column":58}},"type":"cond-expr","locations":[{"start":{"line":122,"column":31},"end":{"line":122,"column":34}},{"start":{"line":122,"column":37},"end":{"line":122,"column":58}}],"line":122},"23":{"loc":{"start":{"line":122,"column":37},"end":{"line":122,"column":58}},"type":"cond-expr","locations":[{"start":{"line":122,"column":49},"end":{"line":122,"column":52}},{"start":{"line":122,"column":55},"end":{"line":122,"column":58}}],"line":122},"24":{"loc":{"start":{"line":131,"column":16},"end":{"line":131,"column":28}},"type":"binary-expr","locations":[{"start":{"line":131,"column":16},"end":{"line":131,"column":22}},{"start":{"line":131,"column":26},"end":{"line":131,"column":28}}],"line":131},"25":{"loc":{"start":{"line":132,"column":4},"end":{"line":132,"column":null}},"type":"if","locations":[{"start":{"line":132,"column":4},"end":{"line":132,"column":null}},{"start":{},"end":{}}],"line":132},"26":{"loc":{"start":{"line":134,"column":17},"end":{"line":134,"column":50}},"type":"binary-expr","locations":[{"start":{"line":134,"column":17},"end":{"line":134,"column":32}},{"start":{"line":134,"column":36},"end":{"line":134,"column":44}},{"start":{"line":134,"column":48},"end":{"line":134,"column":50}}],"line":134},"27":{"loc":{"start":{"line":135,"column":4},"end":{"line":140,"column":null}},"type":"if","locations":[{"start":{"line":135,"column":4},"end":{"line":140,"column":null}},{"start":{},"end":{}}],"line":135},"28":{"loc":{"start":{"line":137,"column":6},"end":{"line":139,"column":null}},"type":"if","locations":[{"start":{"line":137,"column":6},"end":{"line":139,"column":null}},{"start":{},"end":{}}],"line":137},"29":{"loc":{"start":{"line":137,"column":10},"end":{"line":137,"column":72}},"type":"binary-expr","locations":[{"start":{"line":137,"column":10},"end":{"line":137,"column":26}},{"start":{"line":137,"column":30},"end":{"line":137,"column":48}},{"start":{"line":137,"column":52},"end":{"line":137,"column":72}}],"line":137},"30":{"loc":{"start":{"line":149,"column":2},"end":{"line":149,"column":null}},"type":"if","locations":[{"start":{"line":149,"column":2},"end":{"line":149,"column":null}},{"start":{},"end":{}}],"line":149},"31":{"loc":{"start":{"line":157,"column":23},"end":{"line":157,"column":56}},"type":"binary-expr","locations":[{"start":{"line":157,"column":23},"end":{"line":157,"column":31}},{"start":{"line":157,"column":35},"end":{"line":157,"column":50}},{"start":{"line":157,"column":54},"end":{"line":157,"column":56}}],"line":157},"32":{"loc":{"start":{"line":158,"column":4},"end":{"line":163,"column":null}},"type":"if","locations":[{"start":{"line":158,"column":4},"end":{"line":163,"column":null}},{"start":{"line":161,"column":11},"end":{"line":163,"column":null}}],"line":158},"33":{"loc":{"start":{"line":166,"column":2},"end":{"line":166,"column":null}},"type":"if","locations":[{"start":{"line":166,"column":2},"end":{"line":166,"column":null}},{"start":{},"end":{}}],"line":166},"34":{"loc":{"start":{"line":171,"column":2},"end":{"line":171,"column":null}},"type":"if","locations":[{"start":{"line":171,"column":2},"end":{"line":171,"column":null}},{"start":{},"end":{}}],"line":171},"35":{"loc":{"start":{"line":171,"column":6},"end":{"line":171,"column":34}},"type":"binary-expr","locations":[{"start":{"line":171,"column":6},"end":{"line":171,"column":12}},{"start":{"line":171,"column":16},"end":{"line":171,"column":34}}],"line":171},"36":{"loc":{"start":{"line":178,"column":4},"end":{"line":178,"column":null}},"type":"if","locations":[{"start":{"line":178,"column":4},"end":{"line":178,"column":null}},{"start":{},"end":{}}],"line":178},"37":{"loc":{"start":{"line":178,"column":8},"end":{"line":178,"column":36}},"type":"binary-expr","locations":[{"start":{"line":178,"column":8},"end":{"line":178,"column":15}},{"start":{"line":178,"column":19},"end":{"line":178,"column":36}}],"line":178},"38":{"loc":{"start":{"line":184,"column":4},"end":{"line":189,"column":null}},"type":"if","locations":[{"start":{"line":184,"column":4},"end":{"line":189,"column":null}},{"start":{},"end":{}}],"line":184},"39":{"loc":{"start":{"line":184,"column":8},"end":{"line":184,"column":58}},"type":"binary-expr","locations":[{"start":{"line":184,"column":8},"end":{"line":184,"column":25}},{"start":{"line":184,"column":29},"end":{"line":184,"column":58}}],"line":184},"40":{"loc":{"start":{"line":185,"column":6},"end":{"line":188,"column":null}},"type":"if","locations":[{"start":{"line":185,"column":6},"end":{"line":188,"column":null}},{"start":{},"end":{}}],"line":185},"41":{"loc":{"start":{"line":185,"column":10},"end":{"line":185,"column":40}},"type":"binary-expr","locations":[{"start":{"line":185,"column":10},"end":{"line":185,"column":23}},{"start":{"line":185,"column":27},"end":{"line":185,"column":40}}],"line":185},"42":{"loc":{"start":{"line":187,"column":8},"end":{"line":187,"column":null}},"type":"if","locations":[{"start":{"line":187,"column":8},"end":{"line":187,"column":null}},{"start":{},"end":{}}],"line":187},"43":{"loc":{"start":{"line":196,"column":2},"end":{"line":196,"column":null}},"type":"if","locations":[{"start":{"line":196,"column":2},"end":{"line":196,"column":null}},{"start":{},"end":{}}],"line":196},"44":{"loc":{"start":{"line":198,"column":2},"end":{"line":198,"column":null}},"type":"if","locations":[{"start":{"line":198,"column":2},"end":{"line":198,"column":null}},{"start":{},"end":{}}],"line":198},"45":{"loc":{"start":{"line":212,"column":4},"end":{"line":215,"column":null}},"type":"if","locations":[{"start":{"line":212,"column":4},"end":{"line":215,"column":null}},{"start":{},"end":{}}],"line":212},"46":{"loc":{"start":{"line":219,"column":4},"end":{"line":247,"column":null}},"type":"if","locations":[{"start":{"line":219,"column":4},"end":{"line":247,"column":null}},{"start":{},"end":{}}],"line":219},"47":{"loc":{"start":{"line":226,"column":8},"end":{"line":226,"column":null}},"type":"if","locations":[{"start":{"line":226,"column":8},"end":{"line":226,"column":null}},{"start":{},"end":{}}],"line":226},"48":{"loc":{"start":{"line":226,"column":20},"end":{"line":226,"column":41}},"type":"binary-expr","locations":[{"start":{"line":226,"column":20},"end":{"line":226,"column":28}},{"start":{"line":226,"column":32},"end":{"line":226,"column":41}}],"line":226},"49":{"loc":{"start":{"line":228,"column":8},"end":{"line":228,"column":null}},"type":"if","locations":[{"start":{"line":228,"column":8},"end":{"line":228,"column":null}},{"start":{},"end":{}}],"line":228},"50":{"loc":{"start":{"line":228,"column":12},"end":{"line":228,"column":50}},"type":"binary-expr","locations":[{"start":{"line":228,"column":12},"end":{"line":228,"column":18}},{"start":{"line":228,"column":22},"end":{"line":228,"column":50}}],"line":228},"51":{"loc":{"start":{"line":233,"column":6},"end":{"line":245,"column":null}},"type":"if","locations":[{"start":{"line":233,"column":6},"end":{"line":245,"column":null}},{"start":{},"end":{}}],"line":233},"52":{"loc":{"start":{"line":250,"column":6},"end":{"line":250,"column":null}},"type":"if","locations":[{"start":{"line":250,"column":6},"end":{"line":250,"column":null}},{"start":{},"end":{}}],"line":250},"53":{"loc":{"start":{"line":252,"column":13},"end":{"line":252,"column":47}},"type":"cond-expr","locations":[{"start":{"line":252,"column":23},"end":{"line":252,"column":24}},{"start":{"line":252,"column":27},"end":{"line":252,"column":47}}],"line":252},"54":{"loc":{"start":{"line":257,"column":18},"end":{"line":257,"column":32}},"type":"binary-expr","locations":[{"start":{"line":257,"column":18},"end":{"line":257,"column":24}},{"start":{"line":257,"column":28},"end":{"line":257,"column":32}}],"line":257},"55":{"loc":{"start":{"line":258,"column":4},"end":{"line":266,"column":null}},"type":"if","locations":[{"start":{"line":258,"column":4},"end":{"line":266,"column":null}},{"start":{},"end":{}}],"line":258},"56":{"loc":{"start":{"line":259,"column":6},"end":{"line":265,"column":null}},"type":"if","locations":[{"start":{"line":259,"column":6},"end":{"line":265,"column":null}},{"start":{"line":263,"column":13},"end":{"line":265,"column":null}}],"line":259},"57":{"loc":{"start":{"line":268,"column":4},"end":{"line":272,"column":null}},"type":"if","locations":[{"start":{"line":268,"column":4},"end":{"line":272,"column":null}},{"start":{},"end":{}}],"line":268},"58":{"loc":{"start":{"line":268,"column":8},"end":{"line":268,"column":35}},"type":"binary-expr","locations":[{"start":{"line":268,"column":8},"end":{"line":268,"column":24}},{"start":{"line":268,"column":28},"end":{"line":268,"column":35}}],"line":268},"59":{"loc":{"start":{"line":274,"column":4},"end":{"line":297,"column":null}},"type":"if","locations":[{"start":{"line":274,"column":4},"end":{"line":297,"column":null}},{"start":{},"end":{}}],"line":274},"60":{"loc":{"start":{"line":280,"column":8},"end":{"line":280,"column":null}},"type":"if","locations":[{"start":{"line":280,"column":8},"end":{"line":280,"column":null}},{"start":{},"end":{}}],"line":280},"61":{"loc":{"start":{"line":282,"column":8},"end":{"line":282,"column":null}},"type":"if","locations":[{"start":{"line":282,"column":8},"end":{"line":282,"column":null}},{"start":{},"end":{}}],"line":282},"62":{"loc":{"start":{"line":285,"column":10},"end":{"line":290,"column":null}},"type":"cond-expr","locations":[{"start":{"line":286,"column":14},"end":{"line":289,"column":null}},{"start":{"line":290,"column":14},"end":{"line":290,"column":null}}],"line":285},"63":{"loc":{"start":{"line":306,"column":6},"end":{"line":306,"column":null}},"type":"if","locations":[{"start":{"line":306,"column":6},"end":{"line":306,"column":null}},{"start":{},"end":{}}],"line":306},"64":{"loc":{"start":{"line":307,"column":6},"end":{"line":307,"column":null}},"type":"if","locations":[{"start":{"line":307,"column":6},"end":{"line":307,"column":null}},{"start":{},"end":{}}],"line":307},"65":{"loc":{"start":{"line":308,"column":6},"end":{"line":308,"column":55}},"type":"if","locations":[{"start":{"line":308,"column":6},"end":{"line":308,"column":55}},{"start":{},"end":{}}],"line":308},"66":{"loc":{"start":{"line":310,"column":25},"end":{"line":310,"column":50}},"type":"binary-expr","locations":[{"start":{"line":310,"column":25},"end":{"line":310,"column":32}},{"start":{"line":310,"column":36},"end":{"line":310,"column":44}},{"start":{"line":310,"column":48},"end":{"line":310,"column":50}}],"line":310},"67":{"loc":{"start":{"line":311,"column":6},"end":{"line":311,"column":null}},"type":"if","locations":[{"start":{"line":311,"column":6},"end":{"line":311,"column":null}},{"start":{},"end":{}}],"line":311},"68":{"loc":{"start":{"line":312,"column":6},"end":{"line":312,"column":null}},"type":"if","locations":[{"start":{"line":312,"column":6},"end":{"line":312,"column":null}},{"start":{},"end":{}}],"line":312},"69":{"loc":{"start":{"line":313,"column":6},"end":{"line":313,"column":null}},"type":"if","locations":[{"start":{"line":313,"column":6},"end":{"line":313,"column":null}},{"start":{},"end":{}}],"line":313},"70":{"loc":{"start":{"line":315,"column":21},"end":{"line":315,"column":57}},"type":"cond-expr","locations":[{"start":{"line":315,"column":28},"end":{"line":315,"column":49}},{"start":{"line":315,"column":52},"end":{"line":315,"column":57}}],"line":315},"71":{"loc":{"start":{"line":328,"column":4},"end":{"line":332,"column":null}},"type":"if","locations":[{"start":{"line":328,"column":4},"end":{"line":332,"column":null}},{"start":{"line":330,"column":11},"end":{"line":332,"column":null}}],"line":328},"72":{"loc":{"start":{"line":343,"column":41},"end":{"line":343,"column":53}},"type":"default-arg","locations":[{"start":{"line":343,"column":51},"end":{"line":343,"column":53}}],"line":343},"73":{"loc":{"start":{"line":344,"column":2},"end":{"line":346,"column":null}},"type":"if","locations":[{"start":{"line":344,"column":2},"end":{"line":346,"column":null}},{"start":{},"end":{}}],"line":344},"74":{"loc":{"start":{"line":347,"column":2},"end":{"line":349,"column":null}},"type":"if","locations":[{"start":{"line":347,"column":2},"end":{"line":349,"column":null}},{"start":{},"end":{}}],"line":347},"75":{"loc":{"start":{"line":350,"column":28},"end":{"line":350,"column":60}},"type":"binary-expr","locations":[{"start":{"line":350,"column":28},"end":{"line":350,"column":44}},{"start":{"line":350,"column":48},"end":{"line":350,"column":60}}],"line":350},"76":{"loc":{"start":{"line":353,"column":4},"end":{"line":355,"column":93}},"type":"binary-expr","locations":[{"start":{"line":353,"column":4},"end":{"line":353,"column":23}},{"start":{"line":354,"column":5},"end":{"line":355,"column":92}}],"line":353},"77":{"loc":{"start":{"line":355,"column":72},"end":{"line":355,"column":91}},"type":"binary-expr","locations":[{"start":{"line":355,"column":72},"end":{"line":355,"column":84}},{"start":{"line":355,"column":88},"end":{"line":355,"column":91}}],"line":355},"78":{"loc":{"start":{"line":359,"column":4},"end":{"line":363,"column":null}},"type":"if","locations":[{"start":{"line":359,"column":4},"end":{"line":363,"column":null}},{"start":{},"end":{}}],"line":359},"79":{"loc":{"start":{"line":370,"column":31},"end":{"line":370,"column":45}},"type":"binary-expr","locations":[{"start":{"line":370,"column":31},"end":{"line":370,"column":39}},{"start":{"line":370,"column":43},"end":{"line":370,"column":45}}],"line":370},"80":{"loc":{"start":{"line":378,"column":22},"end":{"line":378,"column":57}},"type":"binary-expr","locations":[{"start":{"line":378,"column":23},"end":{"line":378,"column":50}},{"start":{"line":378,"column":55},"end":{"line":378,"column":57}}],"line":378},"81":{"loc":{"start":{"line":379,"column":36},"end":{"line":379,"column":70}},"type":"binary-expr","locations":[{"start":{"line":379,"column":36},"end":{"line":379,"column":37}},{"start":{"line":379,"column":41},"end":{"line":379,"column":61}},{"start":{"line":379,"column":65},"end":{"line":379,"column":70}}],"line":379},"82":{"loc":{"start":{"line":389,"column":6},"end":{"line":389,"column":null}},"type":"if","locations":[{"start":{"line":389,"column":6},"end":{"line":389,"column":null}},{"start":{},"end":{}}],"line":389},"83":{"loc":{"start":{"line":390,"column":49},"end":{"line":390,"column":68}},"type":"binary-expr","locations":[{"start":{"line":390,"column":49},"end":{"line":390,"column":63}},{"start":{"line":390,"column":67},"end":{"line":390,"column":68}}],"line":390},"84":{"loc":{"start":{"line":392,"column":27},"end":{"line":392,"column":51}},"type":"binary-expr","locations":[{"start":{"line":392,"column":27},"end":{"line":392,"column":46}},{"start":{"line":392,"column":50},"end":{"line":392,"column":51}}],"line":392},"85":{"loc":{"start":{"line":398,"column":4},"end":{"line":401,"column":null}},"type":"if","locations":[{"start":{"line":398,"column":4},"end":{"line":401,"column":null}},{"start":{},"end":{}}],"line":398}},"s":{"0":2,"1":2,"2":2,"3":2,"4":2,"5":2,"6":2,"7":2,"8":35,"9":620,"10":0,"11":620,"12":7679,"13":620,"14":620,"15":14,"16":0,"17":14,"18":4,"19":10,"20":10,"21":0,"22":10,"23":5,"24":5,"25":2,"26":3,"27":44,"28":5762,"29":44,"30":11631,"31":44,"32":44,"33":44,"34":5762,"35":5762,"36":5142,"37":620,"38":620,"39":44,"40":620,"41":7289,"42":620,"43":5762,"44":5762,"45":44,"46":11449,"47":11180,"48":269,"49":11449,"50":11449,"51":269,"52":0,"53":0,"54":0,"55":0,"56":0,"57":0,"58":0,"59":0,"60":0,"61":0,"62":0,"63":11449,"64":790,"65":790,"66":790,"67":790,"68":7545,"69":7545,"70":486,"71":7059,"72":7059,"73":7545,"74":6270,"75":6270,"76":23,"77":7059,"78":7059,"79":7059,"80":790,"81":550,"82":217,"83":333,"84":333,"85":333,"86":333,"87":4376,"88":4376,"89":4376,"90":4376,"91":4376,"92":4376,"93":22,"94":22,"95":4354,"96":333,"97":333,"98":326,"99":7,"100":21,"101":614,"102":600,"103":14,"104":14,"105":14,"106":14,"107":14,"108":14,"109":14,"110":14,"111":14,"112":0,"113":14,"114":14,"115":14,"116":14,"117":14,"118":14,"119":14,"120":14,"121":14,"122":3,"123":11,"124":657,"125":657,"126":82,"127":575,"128":575,"129":34,"130":541,"131":392,"132":464,"133":43,"134":43,"135":43,"136":231,"137":231,"138":231,"139":2,"140":2,"141":229,"142":229,"143":4,"144":4,"145":4,"146":4,"147":3,"148":3,"149":3,"150":0,"151":3,"152":3,"153":2,"154":1,"155":1,"156":1,"157":4,"158":1,"159":1,"160":3,"161":1,"162":1,"163":1,"164":1,"165":1,"166":1,"167":228,"168":228,"169":56,"170":172,"171":464,"172":172,"173":228,"174":228,"175":228,"176":231,"177":3,"178":0,"179":3,"180":228,"181":38,"182":38,"183":38,"184":190,"185":29,"186":29,"187":29,"188":94,"189":94,"190":94,"191":0,"192":94,"193":94,"194":24,"195":70,"196":70,"197":94,"198":29,"199":29,"200":29,"201":161,"202":161,"203":161,"204":161,"205":444,"206":444,"207":444,"208":0,"209":444,"210":52,"211":392,"212":0,"213":392,"214":392,"215":444,"216":57,"217":335,"218":17,"219":318,"220":2,"221":316,"222":316,"223":444,"224":444,"225":161,"226":161,"227":43,"228":27,"229":27,"230":229,"231":38,"232":191,"233":27,"234":35,"235":5,"236":30,"237":1,"238":29,"239":35,"240":35,"241":0,"242":35,"243":35,"244":35,"245":47,"246":2,"247":2,"248":2,"249":45,"250":45,"251":45,"252":45,"253":44,"254":44,"255":1,"256":1,"257":1,"258":44,"259":44,"260":47,"261":14,"262":1,"263":44,"264":45,"265":45,"266":43,"267":618,"268":0,"269":618,"270":5760,"271":618,"272":618,"273":27,"274":27,"275":27,"276":40,"277":30,"278":30,"279":27,"280":40,"281":7,"282":27,"283":27,"284":43,"285":27},"f":{"0":35,"1":620,"2":7679,"3":14,"4":44,"5":5762,"6":11631,"7":7289,"8":5762,"9":5762,"10":11449,"11":790,"12":550,"13":21,"14":614,"15":14,"16":14,"17":657,"18":392,"19":464,"20":43,"21":3,"22":1,"23":228,"24":464,"25":27,"26":35,"27":0,"28":14,"29":5760,"30":40,"31":7},"b":{"0":[35,33,31,30],"1":[0,620],"2":[382,238],"3":[0,14],"4":[14,14],"5":[4,10],"6":[5,5],"7":[10,10],"8":[2,3],"9":[5,4],"10":[5762,5762,5762],"11":[5142,620],"12":[5762,5718],"13":[5762,5762],"14":[11180,269],"15":[11449,11180],"16":[269,0],"17":[11449,269],"18":[269,11180],"19":[0,0],"20":[0,0,0,0,0,0],"21":[0,0],"22":[0,0],"23":[0,0],"24":[7545,486],"25":[486,7059],"26":[7059,0,0],"27":[6270,1275],"28":[23,6247],"29":[6270,23,23],"30":[217,333],"31":[4376,0,0],"32":[22,4354],"33":[326,7],"34":[600,14],"35":[614,614],"36":[0,14],"37":[14,14],"38":[14,0],"39":[14,14],"40":[14,0],"41":[14,14],"42":[3,11],"43":[82,575],"44":[34,541],"45":[2,229],"46":[4,225],"47":[0,3],"48":[3,0],"49":[2,1],"50":[3,1],"51":[1,3],"52":[56,172],"53":[134,38],"54":[228,199],"55":[3,228],"56":[0,3],"57":[38,190],"58":[228,38],"59":[29,161],"60":[0,94],"61":[24,70],"62":[0,70],"63":[0,444],"64":[52,392],"65":[0,392],"66":[392,0,0],"67":[57,387],"68":[17,318],"69":[2,316],"70":[0,316],"71":[38,191],"72":[35],"73":[5,30],"74":[1,29],"75":[29,28],"76":[35,0],"77":[0,0],"78":[2,45],"79":[44,0],"80":[44,0],"81":[14,14,14],"82":[0,618],"83":[5760,352],"84":[618,41],"85":[30,10]},"meta":{"lastBranch":86,"lastFunction":32,"lastStatement":286,"seen":{"s:19:25:19:28":0,"s:20:24:20:27":1,"s:21:23:21:24":2,"s:22:27:22:28":3,"s:23:23:23:24":4,"s:24:28:24:32":5,"s:26:23:26:56":6,"s:27:25:27:42":7,"f:29:9:29:18":0,"s:30:2:35:Infinity":8,"b:31:4:31:5:32:4:32:25:33:4:33:34:34:4:34:Infinity":0,"f:38:9:38:15":1,"b:39:2:39:Infinity:undefined:undefined:undefined:undefined":1,"s:39:2:39:Infinity":9,"s:39:24:39:Infinity":10,"s:40:12:40:42":11,"f:40:26:40:27":2,"s:40:36:40:41":12,"s:41:12:41:36":13,"s:42:2:42:Infinity":14,"b:42:24:42:28:42:31:42:52":2,"f:49:9:49:20":3,"b:50:2:50:Infinity:undefined:undefined:undefined:undefined":3,"s:50:2:50:Infinity":15,"b:50:6:50:29:50:33:50:37":4,"s:50:39:50:Infinity":16,"b:52:2:52:Infinity:undefined:undefined:undefined:undefined":5,"s:52:2:52:Infinity":17,"s:52:47:52:Infinity":18,"s:54:2:58:Infinity":19,"s:55:4:55:Infinity":20,"s:57:4:57:Infinity":21,"b:59:2:59:Infinity:undefined:undefined:undefined:undefined":6,"s:59:2:59:Infinity":22,"b:59:6:59:33:59:37:59:65":7,"s:59:67:59:Infinity":23,"b:61:2:61:Infinity:undefined:undefined:undefined:undefined":8,"s:61:2:61:Infinity":24,"b:61:6:61:21:61:25:61:40":9,"s:61:42:61:Infinity":25,"s:64:2:64:Infinity":26,"f:68:9:68:25":4,"s:69:16:71:3":27,"f:70:4:70:5":5,"s:70:12:70:Infinity":28,"b:70:12:70:14:70:18:70:45:70:49:70:Infinity":10,"s:72:2:72:Infinity":29,"f:72:13:72:14":6,"s:72:23:72:54":30,"s:74:16:74:18":31,"s:75:16:75:20":32,"s:76:2:84:Infinity":33,"s:77:14:77:29":34,"b:78:4:83:Infinity:80:11:83:Infinity":11,"s:78:4:83:Infinity":35,"b:78:8:78:15:78:19:78:62":12,"s:79:6:79:Infinity":36,"s:81:6:81:Infinity":37,"s:82:6:82:Infinity":38,"s:86:2:93:Infinity":39,"s:87:4:87:Infinity":40,"f:87:18:87:19":7,"s:87:28:87:59":41,"s:88:4:92:Infinity":42,"f:90:13:90:14":8,"s:90:21:90:36":43,"f:91:16:91:17":9,"s:91:23:91:50":44,"b:91:23:91:41:91:45:91:50":13,"s:94:2:94:Infinity":45,"f:98:9:98:27":10,"b:99:2:99:Infinity:undefined:undefined:undefined:undefined":14,"s:99:2:99:Infinity":46,"b:99:6:99:14:99:18:99:30":15,"s:99:32:99:Infinity":47,"s:100:15:100:36":48,"b:100:15:100:30:100:34:100:36":16,"s:101:12:101:24":49,"b:101:12:101:18:101:22:101:24":17,"b:102:2:102:Infinity:undefined:undefined:undefined:undefined":18,"s:102:2:102:Infinity":50,"s:102:10:102:Infinity":51,"s:107:12:107:13":52,"s:108:14:108:15":53,"s:109:2:119:Infinity":54,"s:110:4:110:Infinity":55,"s:111:15:111:32":56,"b:112:4:118:Infinity:undefined:undefined:undefined:undefined":19,"s:112:4:118:Infinity":57,"b:113:7:113:19:113:23:113:35:114:7:114:19:114:23:114:35:115:7:115:20:115:24:115:37":20,"s:117:6:117:Infinity":58,"b:120:2:120:Infinity:undefined:undefined:undefined:undefined":21,"s:120:2:120:Infinity":59,"s:120:19:120:Infinity":60,"s:121:16:121:27":61,"s:122:17:122:58":62,"b:122:31:122:34:122:37:122:58":22,"b:122:49:122:52:122:55:122:58":23,"s:123:2:123:Infinity":63,"f:126:9:126:19":11,"s:127:12:127:14":64,"s:128:17:128:21":65,"s:129:17:129:21":66,"s:130:2:144:Infinity":67,"s:131:16:131:28":68,"b:131:16:131:22:131:26:131:28":24,"b:132:4:132:Infinity:undefined:undefined:undefined:undefined":25,"s:132:4:132:Infinity":69,"s:132:14:132:Infinity":70,"s:133:14:133:29":71,"s:134:17:134:50":72,"b:134:17:134:32:134:36:134:44:134:48:134:50":26,"b:135:4:140:Infinity:undefined:undefined:undefined:undefined":27,"s:135:4:140:Infinity":73,"s:136:18:136:30":74,"b:137:6:139:Infinity:undefined:undefined:undefined:undefined":28,"s:137:6:139:Infinity":75,"b:137:10:137:26:137:30:137:48:137:52:137:72":29,"s:138:8:138:Infinity":76,"s:141:4:141:Infinity":77,"s:142:4:142:Infinity":78,"s:143:4:143:Infinity":79,"s:145:2:145:Infinity":80,"f:148:9:148:22":12,"b:149:2:149:Infinity:undefined:undefined:undefined:undefined":30,"s:149:2:149:Infinity":81,"s:149:37:149:Infinity":82,"s:150:19:150:21":83,"s:151:12:151:22":84,"s:152:2:164:Infinity":85,"s:152:15:152:16":86,"s:153:17:153:29":87,"s:154:15:154:23":88,"s:155:21:155:65":89,"s:156:16:156:42":90,"s:157:22:157:78":91,"b:157:23:157:31:157:35:157:50:157:54:157:56":31,"b:158:4:163:Infinity:161:11:163:Infinity":32,"s:158:4:163:Infinity":92,"s:159:6:159:Infinity":93,"s:160:6:160:Infinity":94,"s:162:6:162:Infinity":95,"s:165:2:165:Infinity":96,"b:166:2:166:Infinity:undefined:undefined:undefined:undefined":33,"s:166:2:166:Infinity":97,"s:166:40:166:Infinity":98,"s:167:2:167:Infinity":99,"f:167:22:167:23":13,"s:167:29:167:49":100,"f:170:9:170:24":14,"b:171:2:171:Infinity:undefined:undefined:undefined:undefined":34,"s:171:2:171:Infinity":101,"b:171:6:171:12:171:16:171:34":35,"s:171:36:171:Infinity":102,"s:172:16:172:22":103,"s:173:13:173:52":104,"f:173:28:173:29":15,"s:173:36:173:51":105,"s:174:13:174:77":106,"f:174:28:174:29":16,"s:174:36:174:76":107,"s:175:15:175:30":108,"s:176:15:176:30":109,"s:177:2:190:Infinity":110,"b:178:4:178:Infinity:undefined:undefined:undefined:undefined":36,"s:178:4:178:Infinity":111,"b:178:8:178:15:178:19:178:36":37,"s:178:38:178:Infinity":112,"s:179:29:179:35":113,"s:180:17:180:33":114,"s:181:17:181:33":115,"s:182:18:182:34":116,"s:183:18:183:34":117,"b:184:4:189:Infinity:undefined:undefined:undefined:undefined":38,"s:184:4:189:Infinity":118,"b:184:8:184:25:184:29:184:58":39,"b:185:6:188:Infinity:undefined:undefined:undefined:undefined":40,"s:185:6:188:Infinity":119,"b:185:10:185:23:185:27:185:40":41,"s:186:21:186:39":120,"b:187:8:187:Infinity:undefined:undefined:undefined:undefined":42,"s:187:8:187:Infinity":121,"s:187:18:187:Infinity":122,"s:191:2:191:Infinity":123,"f:194:9:194:24":17,"s:195:13:195:39":124,"b:196:2:196:Infinity:undefined:undefined:undefined:undefined":43,"s:196:2:196:Infinity":125,"s:196:10:196:Infinity":126,"s:197:13:197:41":127,"b:198:2:198:Infinity:undefined:undefined:undefined:undefined":44,"s:198:2:198:Infinity":128,"s:198:10:198:Infinity":129,"s:199:2:199:Infinity":130,"f:202:9:202:22":18,"s:203:2:203:Infinity":131,"f:203:27:203:28":19,"s:203:34:203:50":132,"f:206:9:206:25":20,"s:207:17:207:19":133,"s:208:10:208:11":134,"s:209:2:321:Infinity":135,"s:210:15:210:23":136,"s:211:17:211:44":137,"b:212:4:215:Infinity:undefined:undefined:undefined:undefined":45,"s:212:4:215:Infinity":138,"s:213:6:213:Infinity":139,"s:214:6:214:Infinity":140,"s:218:17:218:50":141,"b:219:4:247:Infinity:undefined:undefined:undefined:undefined":46,"s:219:4:247:Infinity":142,"s:220:24:220:30":143,"s:221:18:221:22":144,"s:222:14:222:19":145,"s:223:6:232:Infinity":146,"s:224:21:224:29":147,"s:225:21:225:35":148,"b:226:8:226:Infinity:undefined:undefined:undefined:undefined":47,"s:226:8:226:Infinity":149,"b:226:20:226:28:226:32:226:41":48,"s:226:48:226:Infinity":150,"s:227:22:227:57":151,"b:228:8:228:Infinity:undefined:undefined:undefined:undefined":49,"s:228:8:228:Infinity":152,"b:228:12:228:18:228:22:228:50":50,"s:228:52:228:Infinity":153,"s:229:8:229:Infinity":154,"s:230:8:230:Infinity":155,"s:231:8:231:Infinity":156,"b:233:6:245:Infinity:undefined:undefined:undefined:undefined":51,"s:233:6:245:Infinity":157,"s:234:23:234:35":158,"s:235:20:235:43":159,"f:235:31:235:32":21,"s:235:37:235:42":160,"s:236:21:236:39":161,"s:237:20:241:9":162,"f:240:22:240:23":22,"s:240:29:240:56":163,"s:242:8:242:Infinity":164,"s:243:8:243:Infinity":165,"s:244:8:244:Infinity":166,"s:249:25:253:8":167,"f:249:26:249:27":23,"b:250:6:250:Infinity:undefined:undefined:undefined:undefined":52,"s:250:6:250:Infinity":168,"s:250:32:250:Infinity":169,"s:251:18:251:68":170,"f:251:41:251:42":24,"s:251:48:251:67":171,"s:252:6:252:Infinity":172,"b:252:23:252:24:252:27:252:47":53,"s:255:19:255:40":173,"s:256:16:256:42":174,"s:257:18:257:32":175,"b:257:18:257:24:257:28:257:32":54,"b:258:4:266:Infinity:undefined:undefined:undefined:undefined":55,"s:258:4:266:Infinity":176,"b:259:6:265:Infinity:263:13:265:Infinity":56,"s:259:6:265:Infinity":177,"s:260:8:262:Infinity":178,"s:264:8:264:Infinity":179,"b:268:4:272:Infinity:undefined:undefined:undefined:undefined":57,"s:268:4:272:Infinity":180,"b:268:8:268:24:268:28:268:35":58,"s:269:6:269:Infinity":181,"s:270:6:270:Infinity":182,"s:271:6:271:Infinity":183,"b:274:4:297:Infinity:undefined:undefined:undefined:undefined":59,"s:274:4:297:Infinity":184,"s:275:20:275:29":185,"s:276:14:276:19":186,"s:277:6:293:Infinity":187,"s:278:20:278:28":188,"s:279:22:279:50":189,"b:280:8:280:Infinity:undefined:undefined:undefined:undefined":60,"s:280:8:280:Infinity":190,"s:280:20:280:Infinity":191,"s:281:19:281:41":192,"b:282:8:282:Infinity:undefined:undefined:undefined:undefined":61,"s:282:8:282:Infinity":193,"s:282:17:282:Infinity":194,"s:283:21:283:48":195,"s:284:8:291:Infinity":196,"b:286:14:289:Infinity:290:14:290:Infinity":62,"s:292:8:292:Infinity":197,"s:294:6:294:Infinity":198,"s:295:6:295:Infinity":199,"s:296:6:296:Infinity":200,"s:300:22:300:31":201,"s:301:16:301:20":202,"s:302:12:302:17":203,"s:303:4:318:Infinity":204,"s:304:18:304:26":205,"s:305:20:305:48":206,"b:306:6:306:Infinity:undefined:undefined:undefined:undefined":63,"s:306:6:306:Infinity":207,"s:306:18:306:Infinity":208,"b:307:6:307:Infinity:undefined:undefined:undefined:undefined":64,"s:307:6:307:Infinity":209,"s:307:46:307:Infinity":210,"b:308:6:308:55:undefined:undefined:undefined:undefined":65,"s:308:6:308:55":211,"s:308:49:308:55":212,"s:309:19:309:32":213,"s:310:25:310:50":214,"b:310:25:310:32:310:36:310:44:310:48:310:50":66,"b:311:6:311:Infinity:undefined:undefined:undefined:undefined":67,"s:311:6:311:Infinity":215,"s:311:47:311:Infinity":216,"b:312:6:312:Infinity:undefined:undefined:undefined:undefined":68,"s:312:6:312:Infinity":217,"s:312:34:312:Infinity":218,"b:313:6:313:Infinity:undefined:undefined:undefined:undefined":69,"s:313:6:313:Infinity":219,"s:313:46:313:Infinity":220,"s:314:19:314:46":221,"s:315:6:315:Infinity":222,"b:315:28:315:49:315:52:315:57":70,"s:316:6:316:Infinity":223,"s:317:6:317:Infinity":224,"s:319:4:319:Infinity":225,"s:320:4:320:Infinity":226,"s:322:2:322:Infinity":227,"f:325:9:325:23":25,"s:326:14:326:16":228,"s:327:2:333:Infinity":229,"b:328:4:332:Infinity:330:11:332:Infinity":71,"s:328:4:332:Infinity":230,"s:329:6:329:Infinity":231,"s:331:6:331:Infinity":232,"s:334:2:334:Infinity":233,"f:343:22:343:35":26,"b:343:51:343:53":72,"b:344:2:346:Infinity:undefined:undefined:undefined:undefined":73,"s:344:2:346:Infinity":234,"s:345:4:345:Infinity":235,"b:347:2:349:Infinity:undefined:undefined:undefined:undefined":74,"s:347:2:349:Infinity":236,"s:348:4:348:14":237,"s:350:19:350:75":238,"b:350:28:350:44:350:48:350:60":75,"s:351:17:351:31":239,"s:353:4:355:93":240,"b:353:4:353:23:354:5:355:92":76,"f:354:5:354:6":27,"s:355:6:355:92":241,"b:355:72:355:84:355:88:355:91":77,"s:357:18:357:20":242,"s:358:2:384:Infinity":243,"s:358:15:358:16":244,"b:359:4:363:Infinity:undefined:undefined:undefined:undefined":78,"s:359:4:363:Infinity":245,"s:360:16:360:51":246,"s:361:6:361:Infinity":247,"s:362:6:362:Infinity":248,"s:365:16:365:18":249,"s:366:16:366:18":250,"s:367:4:375:Infinity":251,"s:368:6:368:Infinity":252,"s:369:17:369:44":253,"s:370:6:370:Infinity":254,"b:370:31:370:39:370:43:370:45":79,"s:372:6:372:Infinity":255,"s:373:6:373:Infinity":256,"s:374:6:374:Infinity":257,"s:377:4:382:Infinity":258,"s:378:22:378:57":259,"b:378:23:378:50:378:55:378:57":80,"s:379:6:379:Infinity":260,"f:379:29:379:30":28,"s:379:36:379:70":261,"b:379:36:379:37:379:41:379:61:379:65:379:70":81,"s:381:6:381:Infinity":262,"s:383:4:383:Infinity":263,"s:386:23:386:32":264,"s:387:2:394:Infinity":265,"s:388:4:393:Infinity":266,"b:389:6:389:Infinity:undefined:undefined:undefined:undefined":82,"s:389:6:389:Infinity":267,"s:389:25:389:Infinity":268,"s:390:18:390:73":269,"f:390:33:390:34":29,"s:390:44:390:69":270,"b:390:49:390:63:390:67:390:68":83,"s:391:16:391:44":271,"s:392:6:392:Infinity":272,"b:392:27:392:46:392:50:392:51":84,"s:395:17:395:19":273,"s:396:19:396:20":274,"s:397:2:402:Infinity":275,"b:398:4:401:Infinity:undefined:undefined:undefined:undefined":85,"s:398:4:401:Infinity":276,"s:399:6:399:Infinity":277,"s:400:6:400:Infinity":278,"s:403:22:405:26":279,"f:404:12:404:13":30,"s:404:19:404:54":280,"f:405:10:405:11":31,"s:405:20:405:25":281,"s:407:17:407:19":282,"s:408:2:410:Infinity":283,"s:409:4:409:Infinity":284,"s:411:2:411:Infinity":285}}}
}
